<?xml version="1.0" encoding="UTF-8"?>
<testsuite xmlns:xsi="http://www.w3.org/2001/XMLSchema-instance" xsi:noNamespaceSchemaLocation="https://maven.apache.org/surefire/maven-failsafe-plugin/xsd/failsafe-test-report-3.0.xsd" version="3.0" name="starter.CucumberTestSuite" time="88.562" tests="1" errors="1" skipped="0" failures="0">
  <properties>
[...]
</properties>
  <testcase name="As a user I have to be able logout" classname="logout" time="71.974">
    <error type="net.thucydides.core.webdriver.exceptions.ElementShouldBeEnabledException"><![CDATA[net.thucydides.core.webdriver.exceptions.ElementShouldBeEnabledException: Expected enabled element was not enabled
Caused by: org.openqa.selenium.TimeoutException: Expected condition failed: waiting for By.xpath: //*[@class = 'v-list-item__title'][2]//div[text() = 'Logout'] to be enabled (tried for 5 second(s) with 100 milliseconds interval)
Caused by: org.openqa.selenium.NoSuchElementException: 
no such element: Unable to locate element: {"method":"xpath","selector":"//*[@class = 'v-list-item__title'][2]//div[text() = 'Logout']"}
  (Session info: chrome=101.0.4951.67)
For documentation on this error, please visit: https://selenium.dev/exceptions/#no_such_element
Build info: version: '4.1.2', revision: '9a5a329c5a'
System info: host: 'DESKTOP-A4RBSR0', ip: '192.168.43.80', os.name: 'Windows 10', os.arch: 'amd64', os.version: '10.0', java.version: '15.0.2'
Driver info: org.openqa.selenium.chrome.ChromeDriver
Command: [e522f774ae60bbb59dc5f4ef75b43d68, findElement {using=xpath, value=//*[@class = 'v-list-item__title'][2]//div[text() = 'Logout']}]
Capabilities {acceptInsecureCerts: false, browserName: chrome, browserVersion: 101.0.4951.67, chrome: {chromedriverVersion: 101.0.4951.41 (93c720db8323..., userDataDir: C:\Users\A\AppData\Local\Te...}, goog:chromeOptions: {debuggerAddress: localhost:59944}, javascriptEnabled: true, networkConnectionEnabled: false, pageLoadStrategy: normal, platform: WINDOWS, platformName: WINDOWS, proxy: Proxy(), se:cdp: ws://localhost:59944/devtoo..., se:cdpVersion: 101.0.4951.67, setWindowRect: true, strictFileInteractability: false, timeouts: {implicit: 0, pageLoad: 300000, script: 30000}, unhandledPromptBehavior: dismiss and notify, webauthn:extension:credBlob: true, webauthn:extension:largeBlob: true, webauthn:virtualAuthenticators: true}
Session ID: e522f774ae60bbb59dc5f4ef75b43d68
]]></error>
    <system-out><![CDATA[09:45:35.236 [main] INFO io.cucumber.core.plugin.SerenityReporter - Running feature from file:///D:/web-automation-using-serenity/src/test/resources/features/Logout.feature
09:45:35.770 [main] INFO  - 

-------------------------------------------------------------------------------------
     _______. _______ .______       _______ .__   __.  __  .___________.____    ____ 
    /       ||   ____||   _  \     |   ____||  \ |  | |  | |           |\   \  /   / 
   |   (----`|  |__   |  |_)  |    |  |__   |   \|  | |  | `---|  |----` \   \/   /  
    \   \    |   __|  |      /     |   __|  |  . `  | |  |     |  |       \_    _/   
.----)   |   |  |____ |  |\  \----.|  |____ |  |\   | |  |     |  |         |  |     
|_______/    |_______|| _| `._____||_______||__| \__| |__|     |__|         |__|    
                                                                                     
 News and tutorials at http://www.serenity-bdd.info                                  
 Documentation at https://wakaleo.gitbooks.io/the-serenity-book/content/             
 Join the Serenity Community on Gitter: https://gitter.im/serenity-bdd/serenity-core 
 Serenity BDD Support and Training at http://serenity-bdd.info/#/trainingandsupport  
-------------------------------------------------------------------------------------

09:45:35.770 [main] DEBUG net.thucydides.core.steps.StepEventBus - Test suite started for story net.thucydides.core.model.Story@7960de68
09:45:35.786 [main] INFO  - Test Suite Started: Logout
09:45:35.833 [main] INFO io.cucumber.core.plugin.SerenityReporter - Running feature from file:///D:/web-automation-using-serenity/src/test/resources/features/Logout.feature
09:45:35.833 [main] DEBUG net.thucydides.core.steps.StepEventBus - Test suite started for story net.thucydides.core.model.Story@7960de68
09:45:35.833 [main] INFO  - Test Suite Started: Logout

Scenario Outline: As a user I have to be able logout           &amp#27;[90m# src/test/resources/features/Logout.feature:14&amp#27;[0m
09:45:36.254 [main] INFO io.cucumber.core.plugin.SerenityReporter - Running feature from file:///D:/web-automation-using-serenity/src/test/resources/features/Logout.feature
09:45:36.652 [main] INFO  - 
  _____   ___   ___   _____     ___   _____     _     ___   _____   ___   ___  
 |_   _| | __| / __| |_   _|   / __| |_   _|   /_\   | _ \ |_   _| | __| |   \ 
   | |   | _|  \__ \   | |     \__ \   | |    / _ \  |   /   | |   | _|  | |) |
   |_|   |___| |___/   |_|     |___/   |_|   /_/ \_\ |_|_\   |_|   |___| |___/ 

As a user I have to be able logout(logout;as-a-user-i-have-to-be-able-logout)
--------------------------------------------------------------------------------
09:45:40.807 [main] DEBUG net.thucydides.core.steps.StepInterceptor - STARTING STEP: LoginSteps.iAmOnTheLoginPage - openUrl
09:45:41.081 [main] INFO net.serenitybdd.core.webdriver.driverproviders.ChromeDriverProvider - Using automatically driver download
09:45:44.313 [main] DEBUG io.github.bonigarcia.wdm.cache.ResolutionCache - Resolution chrome=101 in cache (valid until 10:28:32 20/05/2022 WIB)
09:45:44.329 [main] DEBUG io.github.bonigarcia.wdm.cache.ResolutionCache - Resolution chrome101=101.0.4951.41 in cache (valid until 22:05:42 20/05/2022 WIB)
09:45:44.345 [main] INFO io.github.bonigarcia.wdm.WebDriverManager - Using chromedriver 101.0.4951.41 (resolved driver for Chrome 101)
09:45:44.407 [main] DEBUG io.github.bonigarcia.wdm.WebDriverManager - Driver chromedriver 101.0.4951.41 found in cache
09:45:44.423 [main] INFO io.github.bonigarcia.wdm.WebDriverManager - Exporting webdriver.chrome.driver as C:\Users\A\.cache\selenium\chromedriver\win32\101.0.4951.41\chromedriver.exe
09:45:46.172 [main] DEBUG net.thucydides.core.reflection.ClassFinder - Could not load class .starter.CucumberTestSuite
09:45:46.187 [main] DEBUG net.thucydides.core.reflection.ClassFinder - Could not load class .starter.pages.DetailProductPage
09:45:46.187 [main] DEBUG net.thucydides.core.reflection.ClassFinder - Could not load class .starter.pages.HomePage
09:45:46.187 [main] DEBUG net.thucydides.core.reflection.ClassFinder - Could not load class .starter.pages.LoginPage
09:45:46.187 [main] DEBUG net.thucydides.core.reflection.ClassFinder - Could not load class .starter.pages.LogoutPage
09:45:46.187 [main] DEBUG net.thucydides.core.reflection.ClassFinder - Could not load class .starter.pages.OrderPage
09:45:46.187 [main] DEBUG net.thucydides.core.reflection.ClassFinder - Could not load class .starter.pages.RegisterPage
09:45:46.187 [main] DEBUG net.thucydides.core.reflection.ClassFinder - Could not load class .starter.pages.TransactionPage
09:45:46.187 [main] DEBUG net.thucydides.core.reflection.ClassFinder - Could not load class .starter.stepdefinitions.HomeSteps
09:45:46.187 [main] DEBUG net.thucydides.core.reflection.ClassFinder - Could not load class .starter.stepdefinitions.LoginSteps
09:45:46.187 [main] DEBUG net.thucydides.core.reflection.ClassFinder - Could not load class .starter.stepdefinitions.LogoutSteps
09:45:46.187 [main] DEBUG net.thucydides.core.reflection.ClassFinder - Could not load class .starter.stepdefinitions.OrderSteps
09:45:46.187 [main] DEBUG net.thucydides.core.reflection.ClassFinder - Could not load class .starter.stepdefinitions.RegisterSteps
09:45:46.187 [main] DEBUG net.thucydides.core.reflection.ClassFinder - Could not load class META-INF.versions.9.com.sun.istack.logging.StackHelper
09:45:46.187 [main] DEBUG net.thucydides.core.reflection.ClassFinder - Could not load class META-INF.versions.9.com.sun.xml.bind.v2.runtime.reflect.opt.AccessorInjector
09:45:46.187 [main] DEBUG net.thucydides.core.reflection.ClassFinder - Could not load class META-INF.versions.9.com.sun.xml.bind.v2.runtime.reflect.opt.Injector
09:45:46.187 [main] DEBUG net.thucydides.core.reflection.ClassFinder - Could not load class META-INF.versions.9.com.sun.xml.bind.v2.runtime.reflect.opt.OptimizedAccessorFactory
09:45:46.187 [main] DEBUG net.thucydides.core.reflection.ClassFinder - Could not load class META-INF.versions.9.com.sun.xml.bind.v2.runtime.reflect.opt.OptimizedTransducedAccessorFactory
09:45:46.187 [main] DEBUG net.thucydides.core.reflection.ClassFinder - Could not load class META-INF.versions.9.io.opentelemetry.sdk.internal.CurrentJavaVersionSpecific
09:45:46.187 [main] DEBUG net.thucydides.core.reflection.ClassFinder - Could not load class META-INF.versions.9.io.opentelemetry.sdk.internal.Java9VersionSpecific
09:45:46.187 [main] DEBUG net.thucydides.core.reflection.ClassFinder - Could not load class META-INF.versions.9.javax.xml.bind.ModuleUtil
09:45:46.187 [main] DEBUG net.thucydides.core.reflection.ClassFinder - Could not load class META-INF.versions.9.module-info
09:45:46.187 [main] DEBUG net.thucydides.core.reflection.ClassFinder - Could not load class META-INF.versions.9.org.junit.platform.commons.util.ModuleUtils
09:45:47.039 [main] DEBUG net.thucydides.core.reflection.ClassFinder - Could not load class com.google.gson.internal.
09:45:47.528 [main] DEBUG net.thucydides.core.reflection.ClassFinder - Could not load class com.sun.xml.bind.v2.runtime.output.FastInfosetStreamWriterOutput
09:45:48.532 [main] DEBUG net.thucydides.core.reflection.ClassFinder - Could not load class module-info
09:45:56.382 [main] DEBUG io.netty.util.internal.logging.InternalLoggerFactory - Using SLF4J as the default logging framework
09:45:56.397 [main] DEBUG io.netty.util.ResourceLeakDetector - -Dio.netty.leakDetection.level: simple
09:45:56.397 [main] DEBUG io.netty.util.ResourceLeakDetector - -Dio.netty.leakDetection.targetRecords: 4
09:45:56.397 [main] DEBUG io.netty.util.ResourceLeakDetectorFactory - Loaded default ResourceLeakDetector: io.netty.util.ResourceLeakDetector@1cc00f56
09:45:56.444 [main] DEBUG io.netty.util.internal.PlatformDependent0 - -Dio.netty.noUnsafe: false
09:45:56.444 [main] DEBUG io.netty.util.internal.PlatformDependent0 - Java version: 15
09:45:56.444 [main] DEBUG io.netty.util.internal.PlatformDependent0 - sun.misc.Unsafe.theUnsafe: available
09:45:56.444 [main] DEBUG io.netty.util.internal.PlatformDependent0 - sun.misc.Unsafe.copyMemory: available
09:45:56.460 [main] DEBUG io.netty.util.internal.PlatformDependent0 - java.nio.Buffer.address: available
09:45:56.460 [main] DEBUG io.netty.util.internal.PlatformDependent0 - direct buffer constructor: unavailable: Reflective setAccessible(true) disabled
09:45:56.460 [main] DEBUG io.netty.util.internal.PlatformDependent0 - java.nio.Bits.unaligned: available, true
09:45:56.460 [main] DEBUG io.netty.util.internal.PlatformDependent0 - jdk.internal.misc.Unsafe.allocateUninitializedArray(int): unavailable: class io.netty.util.internal.PlatformDependent0$6 cannot access class jdk.internal.misc.Unsafe (in module java.base) because module java.base does not export jdk.internal.misc to unnamed module @790174f2
09:45:56.474 [main] DEBUG io.netty.util.internal.PlatformDependent0 - java.nio.DirectByteBuffer.<init>(long, int): unavailable
09:45:56.474 [main] DEBUG io.netty.util.internal.PlatformDependent - sun.misc.Unsafe: available
09:45:56.480 [main] DEBUG io.netty.util.internal.PlatformDependent - maxDirectMemory: 1044381696 bytes (maybe)
09:45:56.480 [main] DEBUG io.netty.util.internal.PlatformDependent - -Dio.netty.tmpdir: C:\Users\A\AppData\Local\Temp (java.io.tmpdir)
09:45:56.481 [main] DEBUG io.netty.util.internal.PlatformDependent - -Dio.netty.bitMode: 64 (sun.arch.data.model)
09:45:56.482 [main] DEBUG io.netty.util.internal.PlatformDependent - Platform: Windows
09:45:56.483 [main] DEBUG io.netty.util.internal.PlatformDependent - -Dio.netty.maxDirectMemory: -1 bytes
09:45:56.484 [main] DEBUG io.netty.util.internal.PlatformDependent - -Dio.netty.uninitializedArrayAllocationThreshold: -1
09:45:56.487 [main] DEBUG io.netty.util.internal.CleanerJava9 - java.nio.ByteBuffer.cleaner(): available
09:45:56.487 [main] DEBUG io.netty.util.internal.PlatformDependent - -Dio.netty.noPreferDirect: false
09:45:56.507 [main] DEBUG io.netty.util.internal.PlatformDependent - org.jctools-core.MpscChunkedArrayQueue: available
09:45:56.550 [main] DEBUG io.netty.util.internal.InternalThreadLocalMap - -Dio.netty.threadLocalMap.stringBuilder.initialSize: 1024
09:45:56.550 [main] DEBUG io.netty.util.internal.InternalThreadLocalMap - -Dio.netty.threadLocalMap.stringBuilder.maxSize: 4096
09:45:56.722 [main] DEBUG io.netty.handler.ssl.JdkSslContext - Default protocols (JDK): [TLSv1.3, TLSv1.2, TLSv1.1, TLSv1] 
09:45:56.722 [main] DEBUG io.netty.handler.ssl.JdkSslContext - Default cipher suites (JDK): [TLS_ECDHE_ECDSA_WITH_AES_256_GCM_SHA384, TLS_ECDHE_ECDSA_WITH_AES_128_GCM_SHA256, TLS_ECDHE_RSA_WITH_AES_128_GCM_SHA256, TLS_ECDHE_RSA_WITH_AES_256_GCM_SHA384, TLS_ECDHE_RSA_WITH_AES_128_CBC_SHA, TLS_ECDHE_RSA_WITH_AES_256_CBC_SHA, TLS_RSA_WITH_AES_128_GCM_SHA256, TLS_RSA_WITH_AES_128_CBC_SHA, TLS_RSA_WITH_AES_256_CBC_SHA, TLS_AES_128_GCM_SHA256, TLS_AES_256_GCM_SHA384]
09:45:56.800 [main] DEBUG io.netty.channel.MultithreadEventLoopGroup - -Dio.netty.eventLoopThreads: 4
09:45:56.862 [main] DEBUG io.netty.channel.nio.NioEventLoop - -Dio.netty.noKeySetOptimization: false
09:45:56.862 [main] DEBUG io.netty.channel.nio.NioEventLoop - -Dio.netty.selectorAutoRebuildThreshold: 512
09:45:57.015 [main] DEBUG io.netty.buffer.PooledByteBufAllocator - -Dio.netty.allocator.numHeapArenas: 4
09:45:57.016 [main] DEBUG io.netty.buffer.PooledByteBufAllocator - -Dio.netty.allocator.numDirectArenas: 4
09:45:57.016 [main] DEBUG io.netty.buffer.PooledByteBufAllocator - -Dio.netty.allocator.pageSize: 8192
09:45:57.016 [main] DEBUG io.netty.buffer.PooledByteBufAllocator - -Dio.netty.allocator.maxOrder: 11
09:45:57.016 [main] DEBUG io.netty.buffer.PooledByteBufAllocator - -Dio.netty.allocator.chunkSize: 16777216
09:45:57.016 [main] DEBUG io.netty.buffer.PooledByteBufAllocator - -Dio.netty.allocator.smallCacheSize: 256
09:45:57.016 [main] DEBUG io.netty.buffer.PooledByteBufAllocator - -Dio.netty.allocator.normalCacheSize: 64
09:45:57.017 [main] DEBUG io.netty.buffer.PooledByteBufAllocator - -Dio.netty.allocator.maxCachedBufferCapacity: 32768
09:45:57.017 [main] DEBUG io.netty.buffer.PooledByteBufAllocator - -Dio.netty.allocator.cacheTrimInterval: 8192
09:45:57.017 [main] DEBUG io.netty.buffer.PooledByteBufAllocator - -Dio.netty.allocator.cacheTrimIntervalMillis: 0
09:45:57.017 [main] DEBUG io.netty.buffer.PooledByteBufAllocator - -Dio.netty.allocator.useCacheForAllThreads: true
09:45:57.017 [main] DEBUG io.netty.buffer.PooledByteBufAllocator - -Dio.netty.allocator.maxCachedByteBuffersPerChunk: 1023
09:45:57.038 [main] DEBUG io.netty.buffer.ByteBufUtil - -Dio.netty.allocator.type: pooled
09:45:57.038 [main] DEBUG io.netty.buffer.ByteBufUtil - -Dio.netty.threadLocalDirectBufferSize: 0
09:45:57.038 [main] DEBUG io.netty.buffer.ByteBufUtil - -Dio.netty.maxThreadLocalCharBufferSize: 16384
09:45:57.979 [main] DEBUG net.serenitybdd.core.webdriver.driverproviders.ProvideNewDriver - Instantiating driver
09:45:57.979 [main] DEBUG net.serenitybdd.core.webdriver.driverproviders.ProvideNewDriver - Driver capabilities: Capabilities {acceptInsecureCerts: false, base.url: https://qa.alta.id, browserName: chrome, chrome.driver: src/test/resources/webdrive..., driver: chrome, goog:chromeOptions: {args: [], extensions: []}}
09:45:59.043 [Forwarding newSession on session null to remote] DEBUG io.netty.channel.DefaultChannelId - -Dio.netty.processId: 7564 (auto-detected)
09:45:59.048 [Forwarding newSession on session null to remote] DEBUG io.netty.util.NetUtil - -Djava.net.preferIPv4Stack: false
09:45:59.048 [Forwarding newSession on session null to remote] DEBUG io.netty.util.NetUtil - -Djava.net.preferIPv6Addresses: false
09:45:59.072 [Forwarding newSession on session null to remote] DEBUG io.netty.util.NetUtilInitializations - Loopback interface: lo (Software Loopback Interface 1, 127.0.0.1)
09:45:59.075 [Forwarding newSession on session null to remote] DEBUG io.netty.util.NetUtil - Failed to get SOMAXCONN from sysctl and file \proc\sys\net\core\somaxconn. Default: 200
09:45:59.537 [Forwarding newSession on session null to remote] DEBUG io.netty.channel.DefaultChannelId - -Dio.netty.machineId: 28:e3:47:ff:fe:b1:94:66 (auto-detected)
09:45:59.796 [AsyncHttpClient-1-2] DEBUG io.netty.buffer.AbstractByteBuf - -Dio.netty.buffer.checkAccessible: true
09:45:59.796 [AsyncHttpClient-1-2] DEBUG io.netty.buffer.AbstractByteBuf - -Dio.netty.buffer.checkBounds: true
09:45:59.797 [AsyncHttpClient-1-2] DEBUG io.netty.util.ResourceLeakDetectorFactory - Loaded default ResourceLeakDetector: io.netty.util.ResourceLeakDetector@15103836
09:45:59.854 [AsyncHttpClient-1-2] DEBUG org.asynchttpclient.netty.channel.NettyConnectListener - Using new Channel '[id: 0xe63401e0, L:/127.0.0.1:59942 - R:localhost/127.0.0.1:50435]' for 'POST' to '/session'
09:45:59.967 [AsyncHttpClient-1-2] DEBUG io.netty.util.Recycler - -Dio.netty.recycler.maxCapacityPerThread: 4096
09:45:59.967 [AsyncHttpClient-1-2] DEBUG io.netty.util.Recycler - -Dio.netty.recycler.ratio: 8
09:45:59.967 [AsyncHttpClient-1-2] DEBUG io.netty.util.Recycler - -Dio.netty.recycler.chunkSize: 32
09:45:59.967 [AsyncHttpClient-1-2] DEBUG io.netty.util.Recycler - -Dio.netty.recycler.blocking: false
09:46:03.883 [AsyncHttpClient-1-2] DEBUG io.netty.handler.codec.compression.Brotli - brotli4j not in the classpath; Brotli support will be unavailable.
09:46:03.883 [AsyncHttpClient-1-2] DEBUG org.asynchttpclient.netty.handler.HttpHandler - 

Request DefaultHttpRequest(decodeResult: success, version: HTTP/1.1)
POST /session HTTP/1.1
User-Agent: selenium/4.1.2 (java windows)
Content-Length: 599
Content-Type: application/json; charset=utf-8
host: localhost:50435
accept: */*

Response DefaultHttpResponse(decodeResult: success, version: HTTP/1.1)
HTTP/1.1 200 OK
Content-Type: application/json; charset=utf-8
cache-control: no-cache
content-length: 785

09:46:03.905 [AsyncHttpClient-1-2] DEBUG org.asynchttpclient.netty.channel.ChannelManager - Adding key: http://localhost:50435 for channel [id: 0xe63401e0, L:/127.0.0.1:59942 - R:localhost/127.0.0.1:50435]
09:46:04.362 [AsyncHttpClient-1-3] DEBUG org.asynchttpclient.netty.channel.NettyConnectListener - Using new Channel '[id: 0xc316193e, L:/127.0.0.1:59951 - R:localhost/127.0.0.1:59944]' for 'GET' to '/json/version'
09:46:04.378 [AsyncHttpClient-1-3] DEBUG org.asynchttpclient.netty.handler.HttpHandler - 

Request DefaultFullHttpRequest(decodeResult: success, version: HTTP/1.1, content: EmptyByteBufBE)
GET /json/version HTTP/1.1
User-Agent: selenium/4.1.2 (java windows)
host: localhost:59944
accept: */*

Response DefaultHttpResponse(decodeResult: success, version: HTTP/1.1)
HTTP/1.1 200 OK
Content-Type: application/json; charset=UTF-8
content-length: 427

09:46:04.378 [AsyncHttpClient-1-3] DEBUG org.asynchttpclient.netty.channel.ChannelManager - Adding key: http://localhost:59944 for channel [id: 0xc316193e, L:/127.0.0.1:59951 - R:localhost/127.0.0.1:59944]
09:46:04.394 [main] DEBUG io.netty.util.internal.ThreadLocalRandom - -Dio.netty.initialSeedUniquifier: 0x1f37421a8cbbf2fd
09:46:04.472 [AsyncHttpClient-1-1] DEBUG org.asynchttpclient.netty.channel.DefaultChannelPool - Entry count for : http://localhost:50435 : 1
09:46:04.472 [AsyncHttpClient-1-1] DEBUG org.asynchttpclient.netty.channel.DefaultChannelPool - Entry count for : http://localhost:59944 : 1
09:46:04.497 [AsyncHttpClient-1-4] DEBUG org.asynchttpclient.netty.channel.NettyConnectListener - Using new Channel '[id: 0xc7d32e45, L:/127.0.0.1:59953 - R:localhost/127.0.0.1:59944]' for 'GET' to '/devtools/browser/917e893f-0389-4fd6-91e5-d26bff3e7d18'
09:46:04.542 [AsyncHttpClient-1-4] DEBUG org.asynchttpclient.netty.handler.WebSocketHandler - 

Request DefaultFullHttpRequest(decodeResult: success, version: HTTP/1.1, content: EmptyByteBufBE)
GET /devtools/browser/917e893f-0389-4fd6-91e5-d26bff3e7d18 HTTP/1.1
upgrade: websocket
connection: upgrade
sec-websocket-key: Jap15IPKOGb4ogC6lvPLlQ==
sec-websocket-version: 13
origin: http://localhost:59944
host: localhost:59944
accept: */*
user-agent: AHC/2.1

Response DefaultHttpResponse(decodeResult: success, version: HTTP/1.1)
HTTP/1.1 101 WebSocket Protocol Handshake
Upgrade: WebSocket
Connection: Upgrade
Sec-WebSocket-Accept: 5to/rZXmM9kg9l1wpaM4Rc0bvuw=

09:46:04.627 [Forwarding maximizeCurrentWindow on session e522f774ae60bbb59dc5f4ef75b43d68 to remote] DEBUG org.asynchttpclient.netty.request.NettyRequestSender - Using pooled Channel '[id: 0xe63401e0, L:/127.0.0.1:59942 - R:localhost/127.0.0.1:50435]' for 'POST' to 'http://localhost:50435/session/e522f774ae60bbb59dc5f4ef75b43d68/window/maximize'
09:46:04.627 [Forwarding maximizeCurrentWindow on session e522f774ae60bbb59dc5f4ef75b43d68 to remote] DEBUG org.asynchttpclient.netty.request.NettyRequestSender - Using open Channel [id: 0xe63401e0, L:/127.0.0.1:59942 - R:localhost/127.0.0.1:50435] for POST '/session/e522f774ae60bbb59dc5f4ef75b43d68/window/maximize'
09:46:04.844 [AsyncHttpClient-1-2] DEBUG org.asynchttpclient.netty.handler.HttpHandler - 

Request DefaultHttpRequest(decodeResult: success, version: HTTP/1.1)
POST /session/e522f774ae60bbb59dc5f4ef75b43d68/window/maximize HTTP/1.1
User-Agent: selenium/4.1.2 (java windows)
Content-Length: 3
Content-Type: application/json; charset=utf-8
host: localhost:50435
accept: */*

Response DefaultHttpResponse(decodeResult: success, version: HTTP/1.1)
HTTP/1.1 200 OK
Content-Type: application/json; charset=utf-8
cache-control: no-cache
content-length: 51

09:46:04.844 [AsyncHttpClient-1-2] DEBUG org.asynchttpclient.netty.channel.ChannelManager - Adding key: http://localhost:50435 for channel [id: 0xe63401e0, L:/127.0.0.1:59942 - R:localhost/127.0.0.1:50435]
09:46:05.545 [AsyncHttpClient-1-1] DEBUG org.asynchttpclient.netty.channel.DefaultChannelPool - Entry count for : http://localhost:50435 : 1
09:46:05.545 [AsyncHttpClient-1-1] DEBUG org.asynchttpclient.netty.channel.DefaultChannelPool - Entry count for : http://localhost:59944 : 1
09:46:06.643 [AsyncHttpClient-1-1] DEBUG org.asynchttpclient.netty.channel.DefaultChannelPool - Entry count for : http://localhost:50435 : 1
09:46:06.643 [AsyncHttpClient-1-1] DEBUG org.asynchttpclient.netty.channel.DefaultChannelPool - Entry count for : http://localhost:59944 : 1
09:46:07.064 [main] DEBUG net.thucydides.core.reflection.ClassFinder - Could not load class .starter.CucumberTestSuite
09:46:07.064 [main] DEBUG net.thucydides.core.reflection.ClassFinder - Could not load class .starter.pages.DetailProductPage
09:46:07.064 [main] DEBUG net.thucydides.core.reflection.ClassFinder - Could not load class .starter.pages.HomePage
09:46:07.064 [main] DEBUG net.thucydides.core.reflection.ClassFinder - Could not load class .starter.pages.LoginPage
09:46:07.064 [main] DEBUG net.thucydides.core.reflection.ClassFinder - Could not load class .starter.pages.LogoutPage
09:46:07.064 [main] DEBUG net.thucydides.core.reflection.ClassFinder - Could not load class .starter.pages.OrderPage
09:46:07.079 [main] DEBUG net.thucydides.core.reflection.ClassFinder - Could not load class .starter.pages.RegisterPage
09:46:07.079 [main] DEBUG net.thucydides.core.reflection.ClassFinder - Could not load class .starter.pages.TransactionPage
09:46:07.079 [main] DEBUG net.thucydides.core.reflection.ClassFinder - Could not load class .starter.stepdefinitions.HomeSteps
09:46:07.079 [main] DEBUG net.thucydides.core.reflection.ClassFinder - Could not load class .starter.stepdefinitions.LoginSteps
09:46:07.079 [main] DEBUG net.thucydides.core.reflection.ClassFinder - Could not load class .starter.stepdefinitions.LogoutSteps
09:46:07.079 [main] DEBUG net.thucydides.core.reflection.ClassFinder - Could not load class .starter.stepdefinitions.OrderSteps
09:46:07.079 [main] DEBUG net.thucydides.core.reflection.ClassFinder - Could not load class .starter.stepdefinitions.RegisterSteps
09:46:07.079 [main] DEBUG net.thucydides.core.reflection.ClassFinder - Could not load class META-INF.versions.9.com.sun.istack.logging.StackHelper
09:46:07.079 [main] DEBUG net.thucydides.core.reflection.ClassFinder - Could not load class META-INF.versions.9.com.sun.xml.bind.v2.runtime.reflect.opt.AccessorInjector
09:46:07.079 [main] DEBUG net.thucydides.core.reflection.ClassFinder - Could not load class META-INF.versions.9.com.sun.xml.bind.v2.runtime.reflect.opt.Injector
09:46:07.079 [main] DEBUG net.thucydides.core.reflection.ClassFinder - Could not load class META-INF.versions.9.com.sun.xml.bind.v2.runtime.reflect.opt.OptimizedAccessorFactory
09:46:07.079 [main] DEBUG net.thucydides.core.reflection.ClassFinder - Could not load class META-INF.versions.9.com.sun.xml.bind.v2.runtime.reflect.opt.OptimizedTransducedAccessorFactory
09:46:07.079 [main] DEBUG net.thucydides.core.reflection.ClassFinder - Could not load class META-INF.versions.9.io.opentelemetry.sdk.internal.CurrentJavaVersionSpecific
09:46:07.079 [main] DEBUG net.thucydides.core.reflection.ClassFinder - Could not load class META-INF.versions.9.io.opentelemetry.sdk.internal.Java9VersionSpecific
09:46:07.079 [main] DEBUG net.thucydides.core.reflection.ClassFinder - Could not load class META-INF.versions.9.javax.xml.bind.ModuleUtil
09:46:07.079 [main] DEBUG net.thucydides.core.reflection.ClassFinder - Could not load class META-INF.versions.9.module-info
09:46:07.079 [main] DEBUG net.thucydides.core.reflection.ClassFinder - Could not load class META-INF.versions.9.org.junit.platform.commons.util.ModuleUtils
09:46:07.079 [main] DEBUG net.thucydides.core.reflection.ClassFinder - Could not load class com.google.gson.internal.
09:46:07.095 [main] DEBUG net.thucydides.core.reflection.ClassFinder - Could not load class com.sun.xml.bind.v2.runtime.output.FastInfosetStreamWriterOutput
09:46:07.097 [main] DEBUG net.thucydides.core.reflection.ClassFinder - Could not load class module-info
09:46:07.182 [Forwarding get on session e522f774ae60bbb59dc5f4ef75b43d68 to remote] DEBUG org.asynchttpclient.netty.request.NettyRequestSender - Using pooled Channel '[id: 0xe63401e0, L:/127.0.0.1:59942 - R:localhost/127.0.0.1:50435]' for 'POST' to 'http://localhost:50435/session/e522f774ae60bbb59dc5f4ef75b43d68/url'
09:46:07.182 [Forwarding get on session e522f774ae60bbb59dc5f4ef75b43d68 to remote] DEBUG org.asynchttpclient.netty.request.NettyRequestSender - Using open Channel [id: 0xe63401e0, L:/127.0.0.1:59942 - R:localhost/127.0.0.1:50435] for POST '/session/e522f774ae60bbb59dc5f4ef75b43d68/url'
09:46:07.724 [AsyncHttpClient-1-1] DEBUG org.asynchttpclient.netty.channel.DefaultChannelPool - Entry count for : http://localhost:59944 : 1
09:46:08.825 [AsyncHttpClient-1-1] DEBUG org.asynchttpclient.netty.channel.DefaultChannelPool - Entry count for : http://localhost:59944 : 1
09:46:10.017 [AsyncHttpClient-1-1] DEBUG org.asynchttpclient.netty.channel.DefaultChannelPool - Entry count for : http://localhost:59944 : 1
09:46:11.157 [AsyncHttpClient-1-1] DEBUG org.asynchttpclient.netty.channel.DefaultChannelPool - Entry count for : http://localhost:59944 : 1
09:46:12.217 [AsyncHttpClient-1-1] DEBUG org.asynchttpclient.netty.channel.DefaultChannelPool - Entry count for : http://localhost:59944 : 1
09:46:13.324 [AsyncHttpClient-1-1] DEBUG org.asynchttpclient.netty.channel.DefaultChannelPool - Entry count for : http://localhost:59944 : 1
09:46:14.668 [AsyncHttpClient-1-1] DEBUG org.asynchttpclient.netty.channel.DefaultChannelPool - Entry count for : http://localhost:59944 : 1
09:46:15.750 [AsyncHttpClient-1-1] DEBUG org.asynchttpclient.netty.channel.DefaultChannelPool - Entry count for : http://localhost:59944 : 1
09:46:16.685 [AsyncHttpClient-1-2] DEBUG org.asynchttpclient.netty.handler.HttpHandler - 

Request DefaultHttpRequest(decodeResult: success, version: HTTP/1.1)
POST /session/e522f774ae60bbb59dc5f4ef75b43d68/url HTTP/1.1
User-Agent: selenium/4.1.2 (java windows)
Content-Length: 64
Content-Type: application/json; charset=utf-8
host: localhost:50435
accept: */*

Response DefaultHttpResponse(decodeResult: success, version: HTTP/1.1)
HTTP/1.1 200 OK
Content-Type: application/json; charset=utf-8
cache-control: no-cache
content-length: 14

09:46:16.686 [AsyncHttpClient-1-2] DEBUG org.asynchttpclient.netty.channel.ChannelManager - Adding key: http://localhost:50435 for channel [id: 0xe63401e0, L:/127.0.0.1:59942 - R:localhost/127.0.0.1:50435]
09:46:16.693 [Forwarding setTimeout on session e522f774ae60bbb59dc5f4ef75b43d68 to remote] DEBUG org.asynchttpclient.netty.request.NettyRequestSender - Using pooled Channel '[id: 0xe63401e0, L:/127.0.0.1:59942 - R:localhost/127.0.0.1:50435]' for 'POST' to 'http://localhost:50435/session/e522f774ae60bbb59dc5f4ef75b43d68/timeouts'
09:46:16.693 [Forwarding setTimeout on session e522f774ae60bbb59dc5f4ef75b43d68 to remote] DEBUG org.asynchttpclient.netty.request.NettyRequestSender - Using open Channel [id: 0xe63401e0, L:/127.0.0.1:59942 - R:localhost/127.0.0.1:50435] for POST '/session/e522f774ae60bbb59dc5f4ef75b43d68/timeouts'
09:46:16.698 [AsyncHttpClient-1-2] DEBUG org.asynchttpclient.netty.handler.HttpHandler - 

Request DefaultHttpRequest(decodeResult: success, version: HTTP/1.1)
POST /session/e522f774ae60bbb59dc5f4ef75b43d68/timeouts HTTP/1.1
User-Agent: selenium/4.1.2 (java windows)
Content-Length: 22
Content-Type: application/json; charset=utf-8
host: localhost:50435
accept: */*

Response DefaultHttpResponse(decodeResult: success, version: HTTP/1.1)
HTTP/1.1 200 OK
Content-Type: application/json; charset=utf-8
cache-control: no-cache
content-length: 14

09:46:16.698 [AsyncHttpClient-1-2] DEBUG org.asynchttpclient.netty.channel.ChannelManager - Adding key: http://localhost:50435 for channel [id: 0xe63401e0, L:/127.0.0.1:59942 - R:localhost/127.0.0.1:50435]
09:46:16.714 [Forwarding getCurrentUrl on session e522f774ae60bbb59dc5f4ef75b43d68 to remote] DEBUG org.asynchttpclient.netty.request.NettyRequestSender - Using pooled Channel '[id: 0xe63401e0, L:/127.0.0.1:59942 - R:localhost/127.0.0.1:50435]' for 'GET' to 'http://localhost:50435/session/e522f774ae60bbb59dc5f4ef75b43d68/url'
09:46:16.714 [Forwarding getCurrentUrl on session e522f774ae60bbb59dc5f4ef75b43d68 to remote] DEBUG org.asynchttpclient.netty.request.NettyRequestSender - Using open Channel [id: 0xe63401e0, L:/127.0.0.1:59942 - R:localhost/127.0.0.1:50435] for GET '/session/e522f774ae60bbb59dc5f4ef75b43d68/url'
09:46:16.722 [AsyncHttpClient-1-2] DEBUG org.asynchttpclient.netty.handler.HttpHandler - 

Request DefaultFullHttpRequest(decodeResult: success, version: HTTP/1.1, content: EmptyByteBufBE)
GET /session/e522f774ae60bbb59dc5f4ef75b43d68/url HTTP/1.1
User-Agent: selenium/4.1.2 (java windows)
Cache-Control: no-cache
Content-Type: application/json; charset=utf-8
host: localhost:50435
accept: */*

Response DefaultHttpResponse(decodeResult: success, version: HTTP/1.1)
HTTP/1.1 200 OK
Content-Type: application/json; charset=utf-8
cache-control: no-cache
content-length: 41

09:46:16.722 [AsyncHttpClient-1-2] DEBUG org.asynchttpclient.netty.channel.ChannelManager - Adding key: http://localhost:50435 for channel [id: 0xe63401e0, L:/127.0.0.1:59942 - R:localhost/127.0.0.1:50435]
09:46:16.940 [AsyncHttpClient-1-1] DEBUG org.asynchttpclient.netty.channel.DefaultChannelPool - Entry count for : http://localhost:50435 : 1
09:46:16.940 [AsyncHttpClient-1-1] DEBUG org.asynchttpclient.netty.channel.DefaultChannelPool - Entry count for : http://localhost:59944 : 1
09:46:16.987 [main] DEBUG net.serenitybdd.core.photography.Darkroom - Opening darkroom
09:46:17.116 [Forwarding screenshot on session e522f774ae60bbb59dc5f4ef75b43d68 to remote] DEBUG org.asynchttpclient.netty.request.NettyRequestSender - Using pooled Channel '[id: 0xe63401e0, L:/127.0.0.1:59942 - R:localhost/127.0.0.1:50435]' for 'GET' to 'http://localhost:50435/session/e522f774ae60bbb59dc5f4ef75b43d68/screenshot'
09:46:17.116 [Forwarding screenshot on session e522f774ae60bbb59dc5f4ef75b43d68 to remote] DEBUG org.asynchttpclient.netty.request.NettyRequestSender - Using open Channel [id: 0xe63401e0, L:/127.0.0.1:59942 - R:localhost/127.0.0.1:50435] for GET '/session/e522f774ae60bbb59dc5f4ef75b43d68/screenshot'
09:46:17.123 [Darkroom Processing Line] DEBUG net.serenitybdd.core.photography.DarkroomProcessingLine - Darkroom processing line starting up
09:46:17.329 [AsyncHttpClient-1-2] DEBUG org.asynchttpclient.netty.handler.HttpHandler - 

Request DefaultFullHttpRequest(decodeResult: success, version: HTTP/1.1, content: EmptyByteBufBE)
GET /session/e522f774ae60bbb59dc5f4ef75b43d68/screenshot HTTP/1.1
User-Agent: selenium/4.1.2 (java windows)
Cache-Control: no-cache
Content-Type: application/json; charset=utf-8
host: localhost:50435
accept: */*

Response DefaultHttpResponse(decodeResult: success, version: HTTP/1.1)
HTTP/1.1 200 OK
Content-Type: application/json; charset=utf-8
cache-control: no-cache
content-length: 24984

09:46:17.329 [AsyncHttpClient-1-2] DEBUG org.asynchttpclient.netty.channel.ChannelManager - Adding key: http://localhost:50435 for channel [id: 0xe63401e0, L:/127.0.0.1:59942 - R:localhost/127.0.0.1:50435]
09:46:17.557 [main] DEBUG net.serenitybdd.core.photography.Darkroom - Send negative for processing for target\site\serenity\5279a2677f51cd42d80df4d0bf105786ca0efdec9c31dd310d9911ecf03761b4.png
09:46:17.557 [Darkroom Processing Line] DEBUG net.serenitybdd.core.photography.DarkroomProcessingLine - Processing screenshot image in /var/screenshots/screenshot-9208646048124349439
09:46:17.557 [Darkroom Processing Line] DEBUG net.serenitybdd.core.photography.DarkroomProcessingLine - Saving screenshot to target\site\serenity\5279a2677f51cd42d80df4d0bf105786ca0efdec9c31dd310d9911ecf03761b4.png
09:46:17.572 [main] DEBUG net.thucydides.core.steps.StepInterceptor - STEP DONE: openUrl
09:46:17.604 [main] DEBUG net.thucydides.core.steps.StepInterceptor - STARTING STEP: LoginSteps.iAmOnTheLoginPage - validateOnLoginPage
09:46:17.619 [Forwarding findElement on session e522f774ae60bbb59dc5f4ef75b43d68 to remote] DEBUG org.asynchttpclient.netty.request.NettyRequestSender - Using pooled Channel '[id: 0xe63401e0, L:/127.0.0.1:59942 - R:localhost/127.0.0.1:50435]' for 'POST' to 'http://localhost:50435/session/e522f774ae60bbb59dc5f4ef75b43d68/element'
09:46:17.619 [Forwarding findElement on session e522f774ae60bbb59dc5f4ef75b43d68 to remote] DEBUG org.asynchttpclient.netty.request.NettyRequestSender - Using open Channel [id: 0xe63401e0, L:/127.0.0.1:59942 - R:localhost/127.0.0.1:50435] for POST '/session/e522f774ae60bbb59dc5f4ef75b43d68/element'
09:46:17.652 [AsyncHttpClient-1-2] DEBUG org.asynchttpclient.netty.handler.HttpHandler - 

Request DefaultHttpRequest(decodeResult: success, version: HTTP/1.1)
POST /session/e522f774ae60bbb59dc5f4ef75b43d68/element HTTP/1.1
User-Agent: selenium/4.1.2 (java windows)
Content-Length: 165
Content-Type: application/json; charset=utf-8
host: localhost:50435
accept: */*

Response DefaultHttpResponse(decodeResult: success, version: HTTP/1.1)
HTTP/1.1 200 OK
Content-Type: application/json; charset=utf-8
cache-control: no-cache
content-length: 88

09:46:17.652 [AsyncHttpClient-1-2] DEBUG org.asynchttpclient.netty.channel.ChannelManager - Adding key: http://localhost:50435 for channel [id: 0xe63401e0, L:/127.0.0.1:59942 - R:localhost/127.0.0.1:50435]
09:46:17.683 [Forwarding isElementDisplayed on session e522f774ae60bbb59dc5f4ef75b43d68 to remote] DEBUG org.asynchttpclient.netty.request.NettyRequestSender - Using pooled Channel '[id: 0xe63401e0, L:/127.0.0.1:59942 - R:localhost/127.0.0.1:50435]' for 'POST' to 'http://localhost:50435/session/e522f774ae60bbb59dc5f4ef75b43d68/execute/sync'
09:46:17.683 [Forwarding isElementDisplayed on session e522f774ae60bbb59dc5f4ef75b43d68 to remote] DEBUG org.asynchttpclient.netty.request.NettyRequestSender - Using open Channel [id: 0xe63401e0, L:/127.0.0.1:59942 - R:localhost/127.0.0.1:50435] for POST '/session/e522f774ae60bbb59dc5f4ef75b43d68/execute/sync'
09:46:17.737 [AsyncHttpClient-1-2] DEBUG org.asynchttpclient.netty.handler.HttpHandler - 

Request DefaultHttpRequest(decodeResult: success, version: HTTP/1.1)
POST /session/e522f774ae60bbb59dc5f4ef75b43d68/execute/sync HTTP/1.1
User-Agent: selenium/4.1.2 (java windows)
Content-Length: 48780
Content-Type: application/json; charset=utf-8
host: localhost:50435
accept: */*

Response DefaultHttpResponse(decodeResult: success, version: HTTP/1.1)
HTTP/1.1 200 OK
Content-Type: application/json; charset=utf-8
cache-control: no-cache
content-length: 14

09:46:17.737 [AsyncHttpClient-1-2] DEBUG org.asynchttpclient.netty.channel.ChannelManager - Adding key: http://localhost:50435 for channel [id: 0xe63401e0, L:/127.0.0.1:59942 - R:localhost/127.0.0.1:50435]
09:46:17.753 [Forwarding screenshot on session e522f774ae60bbb59dc5f4ef75b43d68 to remote] DEBUG org.asynchttpclient.netty.request.NettyRequestSender - Using pooled Channel '[id: 0xe63401e0, L:/127.0.0.1:59942 - R:localhost/127.0.0.1:50435]' for 'GET' to 'http://localhost:50435/session/e522f774ae60bbb59dc5f4ef75b43d68/screenshot'
09:46:17.753 [Forwarding screenshot on session e522f774ae60bbb59dc5f4ef75b43d68 to remote] DEBUG org.asynchttpclient.netty.request.NettyRequestSender - Using open Channel [id: 0xe63401e0, L:/127.0.0.1:59942 - R:localhost/127.0.0.1:50435] for GET '/session/e522f774ae60bbb59dc5f4ef75b43d68/screenshot'
09:46:17.930 [AsyncHttpClient-1-2] DEBUG org.asynchttpclient.netty.handler.HttpHandler - 

Request DefaultFullHttpRequest(decodeResult: success, version: HTTP/1.1, content: EmptyByteBufBE)
GET /session/e522f774ae60bbb59dc5f4ef75b43d68/screenshot HTTP/1.1
User-Agent: selenium/4.1.2 (java windows)
Cache-Control: no-cache
Content-Type: application/json; charset=utf-8
host: localhost:50435
accept: */*

Response DefaultHttpResponse(decodeResult: success, version: HTTP/1.1)
HTTP/1.1 200 OK
Content-Type: application/json; charset=utf-8
cache-control: no-cache
content-length: 24984

09:46:17.930 [AsyncHttpClient-1-2] DEBUG org.asynchttpclient.netty.channel.ChannelManager - Adding key: http://localhost:50435 for channel [id: 0xe63401e0, L:/127.0.0.1:59942 - R:localhost/127.0.0.1:50435]
09:46:17.945 [main] DEBUG net.serenitybdd.core.photography.Darkroom - Send negative for processing for target\site\serenity\5279a2677f51cd42d80df4d0bf105786ca0efdec9c31dd310d9911ecf03761b4.png
09:46:17.945 [main] DEBUG net.thucydides.core.steps.StepInterceptor - STEP DONE: validateOnLoginPage
  &amp#27;[32mGiven &amp#27;[0m&amp#27;[32mI am on the login page&amp#27;[0m                                 &amp#27;[90m# starter.stepdefinitions.LoginSteps.iAmOnTheLoginPage()&amp#27;[0m
09:46:18.024 [Forwarding screenshot on session e522f774ae60bbb59dc5f4ef75b43d68 to remote] DEBUG org.asynchttpclient.netty.request.NettyRequestSender - Using pooled Channel '[id: 0xe63401e0, L:/127.0.0.1:59942 - R:localhost/127.0.0.1:50435]' for 'GET' to 'http://localhost:50435/session/e522f774ae60bbb59dc5f4ef75b43d68/screenshot'
09:46:18.024 [Forwarding screenshot on session e522f774ae60bbb59dc5f4ef75b43d68 to remote] DEBUG org.asynchttpclient.netty.request.NettyRequestSender - Using open Channel [id: 0xe63401e0, L:/127.0.0.1:59942 - R:localhost/127.0.0.1:50435] for GET '/session/e522f774ae60bbb59dc5f4ef75b43d68/screenshot'
09:46:18.043 [AsyncHttpClient-1-1] DEBUG org.asynchttpclient.netty.channel.DefaultChannelPool - Entry count for : http://localhost:59944 : 1
09:46:18.219 [AsyncHttpClient-1-2] DEBUG org.asynchttpclient.netty.handler.HttpHandler - 

Request DefaultFullHttpRequest(decodeResult: success, version: HTTP/1.1, content: EmptyByteBufBE)
GET /session/e522f774ae60bbb59dc5f4ef75b43d68/screenshot HTTP/1.1
User-Agent: selenium/4.1.2 (java windows)
Cache-Control: no-cache
Content-Type: application/json; charset=utf-8
host: localhost:50435
accept: */*

Response DefaultHttpResponse(decodeResult: success, version: HTTP/1.1)
HTTP/1.1 200 OK
Content-Type: application/json; charset=utf-8
cache-control: no-cache
content-length: 24984

09:46:18.219 [AsyncHttpClient-1-2] DEBUG org.asynchttpclient.netty.channel.ChannelManager - Adding key: http://localhost:50435 for channel [id: 0xe63401e0, L:/127.0.0.1:59942 - R:localhost/127.0.0.1:50435]
09:46:18.224 [main] DEBUG net.serenitybdd.core.photography.Darkroom - Send negative for processing for target\site\serenity\5279a2677f51cd42d80df4d0bf105786ca0efdec9c31dd310d9911ecf03761b4.png
09:46:18.224 [main] DEBUG net.thucydides.core.steps.StepInterceptor - STARTING STEP: LoginSteps.iInputAnd - inputEmail
09:46:18.240 [Forwarding findElement on session e522f774ae60bbb59dc5f4ef75b43d68 to remote] DEBUG org.asynchttpclient.netty.request.NettyRequestSender - Using pooled Channel '[id: 0xe63401e0, L:/127.0.0.1:59942 - R:localhost/127.0.0.1:50435]' for 'POST' to 'http://localhost:50435/session/e522f774ae60bbb59dc5f4ef75b43d68/element'
09:46:18.240 [Forwarding findElement on session e522f774ae60bbb59dc5f4ef75b43d68 to remote] DEBUG org.asynchttpclient.netty.request.NettyRequestSender - Using open Channel [id: 0xe63401e0, L:/127.0.0.1:59942 - R:localhost/127.0.0.1:50435] for POST '/session/e522f774ae60bbb59dc5f4ef75b43d68/element'
09:46:18.444 [AsyncHttpClient-1-2] DEBUG org.asynchttpclient.netty.handler.HttpHandler - 

Request DefaultHttpRequest(decodeResult: success, version: HTTP/1.1)
POST /session/e522f774ae60bbb59dc5f4ef75b43d68/element HTTP/1.1
User-Agent: selenium/4.1.2 (java windows)
Content-Length: 86
Content-Type: application/json; charset=utf-8
host: localhost:50435
accept: */*

Response DefaultHttpResponse(decodeResult: success, version: HTTP/1.1)
HTTP/1.1 200 OK
Content-Type: application/json; charset=utf-8
cache-control: no-cache
content-length: 88

09:46:18.444 [AsyncHttpClient-1-2] DEBUG org.asynchttpclient.netty.channel.ChannelManager - Adding key: http://localhost:50435 for channel [id: 0xe63401e0, L:/127.0.0.1:59942 - R:localhost/127.0.0.1:50435]
09:46:18.506 [Forwarding clearElement on session e522f774ae60bbb59dc5f4ef75b43d68 to remote] DEBUG org.asynchttpclient.netty.request.NettyRequestSender - Using pooled Channel '[id: 0xe63401e0, L:/127.0.0.1:59942 - R:localhost/127.0.0.1:50435]' for 'POST' to 'http://localhost:50435/session/e522f774ae60bbb59dc5f4ef75b43d68/element/90d4b328-eada-4236-9ed7-a88b2a782508/clear'
09:46:18.506 [Forwarding clearElement on session e522f774ae60bbb59dc5f4ef75b43d68 to remote] DEBUG org.asynchttpclient.netty.request.NettyRequestSender - Using open Channel [id: 0xe63401e0, L:/127.0.0.1:59942 - R:localhost/127.0.0.1:50435] for POST '/session/e522f774ae60bbb59dc5f4ef75b43d68/element/90d4b328-eada-4236-9ed7-a88b2a782508/clear'
09:46:18.624 [AsyncHttpClient-1-2] DEBUG org.asynchttpclient.netty.handler.HttpHandler - 

Request DefaultHttpRequest(decodeResult: success, version: HTTP/1.1)
POST /session/e522f774ae60bbb59dc5f4ef75b43d68/element/90d4b328-eada-4236-9ed7-a88b2a782508/clear HTTP/1.1
User-Agent: selenium/4.1.2 (java windows)
Content-Length: 50
Content-Type: application/json; charset=utf-8
host: localhost:50435
accept: */*

Response DefaultHttpResponse(decodeResult: success, version: HTTP/1.1)
HTTP/1.1 200 OK
Content-Type: application/json; charset=utf-8
cache-control: no-cache
content-length: 14

09:46:18.624 [AsyncHttpClient-1-2] DEBUG org.asynchttpclient.netty.channel.ChannelManager - Adding key: http://localhost:50435 for channel [id: 0xe63401e0, L:/127.0.0.1:59942 - R:localhost/127.0.0.1:50435]
09:46:18.640 [Forwarding sendKeysToElement on session e522f774ae60bbb59dc5f4ef75b43d68 to remote] DEBUG org.asynchttpclient.netty.request.NettyRequestSender - Using pooled Channel '[id: 0xe63401e0, L:/127.0.0.1:59942 - R:localhost/127.0.0.1:50435]' for 'POST' to 'http://localhost:50435/session/e522f774ae60bbb59dc5f4ef75b43d68/element/90d4b328-eada-4236-9ed7-a88b2a782508/value'
09:46:18.640 [Forwarding sendKeysToElement on session e522f774ae60bbb59dc5f4ef75b43d68 to remote] DEBUG org.asynchttpclient.netty.request.NettyRequestSender - Using open Channel [id: 0xe63401e0, L:/127.0.0.1:59942 - R:localhost/127.0.0.1:50435] for POST '/session/e522f774ae60bbb59dc5f4ef75b43d68/element/90d4b328-eada-4236-9ed7-a88b2a782508/value'
09:46:19.152 [AsyncHttpClient-1-1] DEBUG org.asynchttpclient.netty.channel.DefaultChannelPool - Entry count for : http://localhost:59944 : 1
09:46:19.356 [AsyncHttpClient-1-2] DEBUG org.asynchttpclient.netty.handler.HttpHandler - 

Request DefaultHttpRequest(decodeResult: success, version: HTTP/1.1)
POST /session/e522f774ae60bbb59dc5f4ef75b43d68/element/90d4b328-eada-4236-9ed7-a88b2a782508/value HTTP/1.1
User-Agent: selenium/4.1.2 (java windows)
Content-Length: 341
Content-Type: application/json; charset=utf-8
host: localhost:50435
accept: */*

Response DefaultHttpResponse(decodeResult: success, version: HTTP/1.1)
HTTP/1.1 200 OK
Content-Type: application/json; charset=utf-8
cache-control: no-cache
content-length: 14

09:46:19.357 [AsyncHttpClient-1-2] DEBUG org.asynchttpclient.netty.channel.ChannelManager - Adding key: http://localhost:50435 for channel [id: 0xe63401e0, L:/127.0.0.1:59942 - R:localhost/127.0.0.1:50435]
09:46:19.381 [Forwarding screenshot on session e522f774ae60bbb59dc5f4ef75b43d68 to remote] DEBUG org.asynchttpclient.netty.request.NettyRequestSender - Using pooled Channel '[id: 0xe63401e0, L:/127.0.0.1:59942 - R:localhost/127.0.0.1:50435]' for 'GET' to 'http://localhost:50435/session/e522f774ae60bbb59dc5f4ef75b43d68/screenshot'
09:46:19.381 [Forwarding screenshot on session e522f774ae60bbb59dc5f4ef75b43d68 to remote] DEBUG org.asynchttpclient.netty.request.NettyRequestSender - Using open Channel [id: 0xe63401e0, L:/127.0.0.1:59942 - R:localhost/127.0.0.1:50435] for GET '/session/e522f774ae60bbb59dc5f4ef75b43d68/screenshot'
09:46:19.651 [AsyncHttpClient-1-2] DEBUG org.asynchttpclient.netty.handler.HttpHandler - 

Request DefaultFullHttpRequest(decodeResult: success, version: HTTP/1.1, content: EmptyByteBufBE)
GET /session/e522f774ae60bbb59dc5f4ef75b43d68/screenshot HTTP/1.1
User-Agent: selenium/4.1.2 (java windows)
Cache-Control: no-cache
Content-Type: application/json; charset=utf-8
host: localhost:50435
accept: */*

Response DefaultHttpResponse(decodeResult: success, version: HTTP/1.1)
HTTP/1.1 200 OK
Content-Type: application/json; charset=utf-8
cache-control: no-cache
content-length: 29992

09:46:19.653 [AsyncHttpClient-1-2] DEBUG org.asynchttpclient.netty.channel.ChannelManager - Adding key: http://localhost:50435 for channel [id: 0xe63401e0, L:/127.0.0.1:59942 - R:localhost/127.0.0.1:50435]
09:46:19.658 [main] DEBUG net.serenitybdd.core.photography.Darkroom - Send negative for processing for target\site\serenity\eadf4704e39d7e212fa273abad61689fa68478031272f868c7f8f4b546c8ce01.png
09:46:19.659 [main] DEBUG net.thucydides.core.steps.StepInterceptor - STEP DONE: inputEmail
09:46:19.677 [main] DEBUG net.thucydides.core.steps.StepInterceptor - STARTING STEP: LoginSteps.iInputAnd - inputPassword
09:46:19.677 [Darkroom Processing Line] DEBUG net.serenitybdd.core.photography.DarkroomProcessingLine - Processing screenshot image in /var/screenshots/screenshot-11384643323009526845
09:46:19.677 [Darkroom Processing Line] DEBUG net.serenitybdd.core.photography.DarkroomProcessingLine - Saving screenshot to target\site\serenity\eadf4704e39d7e212fa273abad61689fa68478031272f868c7f8f4b546c8ce01.png
09:46:19.677 [Forwarding findElement on session e522f774ae60bbb59dc5f4ef75b43d68 to remote] DEBUG org.asynchttpclient.netty.request.NettyRequestSender - Using pooled Channel '[id: 0xe63401e0, L:/127.0.0.1:59942 - R:localhost/127.0.0.1:50435]' for 'POST' to 'http://localhost:50435/session/e522f774ae60bbb59dc5f4ef75b43d68/element'
09:46:19.677 [Forwarding findElement on session e522f774ae60bbb59dc5f4ef75b43d68 to remote] DEBUG org.asynchttpclient.netty.request.NettyRequestSender - Using open Channel [id: 0xe63401e0, L:/127.0.0.1:59942 - R:localhost/127.0.0.1:50435] for POST '/session/e522f774ae60bbb59dc5f4ef75b43d68/element'
09:46:19.709 [AsyncHttpClient-1-2] DEBUG org.asynchttpclient.netty.handler.HttpHandler - 

Request DefaultHttpRequest(decodeResult: success, version: HTTP/1.1)
POST /session/e522f774ae60bbb59dc5f4ef75b43d68/element HTTP/1.1
User-Agent: selenium/4.1.2 (java windows)
Content-Length: 89
Content-Type: application/json; charset=utf-8
host: localhost:50435
accept: */*

Response DefaultHttpResponse(decodeResult: success, version: HTTP/1.1)
HTTP/1.1 200 OK
Content-Type: application/json; charset=utf-8
cache-control: no-cache
content-length: 88

09:46:19.709 [AsyncHttpClient-1-2] DEBUG org.asynchttpclient.netty.channel.ChannelManager - Adding key: http://localhost:50435 for channel [id: 0xe63401e0, L:/127.0.0.1:59942 - R:localhost/127.0.0.1:50435]
09:46:19.709 [Forwarding clearElement on session e522f774ae60bbb59dc5f4ef75b43d68 to remote] DEBUG org.asynchttpclient.netty.request.NettyRequestSender - Using pooled Channel '[id: 0xe63401e0, L:/127.0.0.1:59942 - R:localhost/127.0.0.1:50435]' for 'POST' to 'http://localhost:50435/session/e522f774ae60bbb59dc5f4ef75b43d68/element/70a67b44-58b1-497b-832b-2fa555a6c48c/clear'
09:46:19.709 [Forwarding clearElement on session e522f774ae60bbb59dc5f4ef75b43d68 to remote] DEBUG org.asynchttpclient.netty.request.NettyRequestSender - Using open Channel [id: 0xe63401e0, L:/127.0.0.1:59942 - R:localhost/127.0.0.1:50435] for POST '/session/e522f774ae60bbb59dc5f4ef75b43d68/element/70a67b44-58b1-497b-832b-2fa555a6c48c/clear'
09:46:19.783 [AsyncHttpClient-1-2] DEBUG org.asynchttpclient.netty.handler.HttpHandler - 

Request DefaultHttpRequest(decodeResult: success, version: HTTP/1.1)
POST /session/e522f774ae60bbb59dc5f4ef75b43d68/element/70a67b44-58b1-497b-832b-2fa555a6c48c/clear HTTP/1.1
User-Agent: selenium/4.1.2 (java windows)
Content-Length: 50
Content-Type: application/json; charset=utf-8
host: localhost:50435
accept: */*

Response DefaultHttpResponse(decodeResult: success, version: HTTP/1.1)
HTTP/1.1 200 OK
Content-Type: application/json; charset=utf-8
cache-control: no-cache
content-length: 14

09:46:19.783 [AsyncHttpClient-1-2] DEBUG org.asynchttpclient.netty.channel.ChannelManager - Adding key: http://localhost:50435 for channel [id: 0xe63401e0, L:/127.0.0.1:59942 - R:localhost/127.0.0.1:50435]
09:46:19.783 [Forwarding sendKeysToElement on session e522f774ae60bbb59dc5f4ef75b43d68 to remote] DEBUG org.asynchttpclient.netty.request.NettyRequestSender - Using pooled Channel '[id: 0xe63401e0, L:/127.0.0.1:59942 - R:localhost/127.0.0.1:50435]' for 'POST' to 'http://localhost:50435/session/e522f774ae60bbb59dc5f4ef75b43d68/element/70a67b44-58b1-497b-832b-2fa555a6c48c/value'
09:46:19.783 [Forwarding sendKeysToElement on session e522f774ae60bbb59dc5f4ef75b43d68 to remote] DEBUG org.asynchttpclient.netty.request.NettyRequestSender - Using open Channel [id: 0xe63401e0, L:/127.0.0.1:59942 - R:localhost/127.0.0.1:50435] for POST '/session/e522f774ae60bbb59dc5f4ef75b43d68/element/70a67b44-58b1-497b-832b-2fa555a6c48c/value'
09:46:20.195 [AsyncHttpClient-1-2] DEBUG org.asynchttpclient.netty.handler.HttpHandler - 

Request DefaultHttpRequest(decodeResult: success, version: HTTP/1.1)
POST /session/e522f774ae60bbb59dc5f4ef75b43d68/element/70a67b44-58b1-497b-832b-2fa555a6c48c/value HTTP/1.1
User-Agent: selenium/4.1.2 (java windows)
Content-Length: 201
Content-Type: application/json; charset=utf-8
host: localhost:50435
accept: */*

Response DefaultHttpResponse(decodeResult: success, version: HTTP/1.1)
HTTP/1.1 200 OK
Content-Type: application/json; charset=utf-8
cache-control: no-cache
content-length: 14

09:46:20.197 [AsyncHttpClient-1-2] DEBUG org.asynchttpclient.netty.channel.ChannelManager - Adding key: http://localhost:50435 for channel [id: 0xe63401e0, L:/127.0.0.1:59942 - R:localhost/127.0.0.1:50435]
09:46:20.216 [Forwarding screenshot on session e522f774ae60bbb59dc5f4ef75b43d68 to remote] DEBUG org.asynchttpclient.netty.request.NettyRequestSender - Using pooled Channel '[id: 0xe63401e0, L:/127.0.0.1:59942 - R:localhost/127.0.0.1:50435]' for 'GET' to 'http://localhost:50435/session/e522f774ae60bbb59dc5f4ef75b43d68/screenshot'
09:46:20.216 [Forwarding screenshot on session e522f774ae60bbb59dc5f4ef75b43d68 to remote] DEBUG org.asynchttpclient.netty.request.NettyRequestSender - Using open Channel [id: 0xe63401e0, L:/127.0.0.1:59942 - R:localhost/127.0.0.1:50435] for GET '/session/e522f774ae60bbb59dc5f4ef75b43d68/screenshot'
09:46:20.223 [AsyncHttpClient-1-1] DEBUG org.asynchttpclient.netty.channel.DefaultChannelPool - Entry count for : http://localhost:59944 : 1
09:46:20.456 [AsyncHttpClient-1-2] DEBUG org.asynchttpclient.netty.handler.HttpHandler - 

Request DefaultFullHttpRequest(decodeResult: success, version: HTTP/1.1, content: EmptyByteBufBE)
GET /session/e522f774ae60bbb59dc5f4ef75b43d68/screenshot HTTP/1.1
User-Agent: selenium/4.1.2 (java windows)
Cache-Control: no-cache
Content-Type: application/json; charset=utf-8
host: localhost:50435
accept: */*

Response DefaultHttpResponse(decodeResult: success, version: HTTP/1.1)
HTTP/1.1 200 OK
Content-Type: application/json; charset=utf-8
cache-control: no-cache
content-length: 32708

09:46:20.459 [AsyncHttpClient-1-2] DEBUG org.asynchttpclient.netty.channel.ChannelManager - Adding key: http://localhost:50435 for channel [id: 0xe63401e0, L:/127.0.0.1:59942 - R:localhost/127.0.0.1:50435]
09:46:20.469 [main] DEBUG net.serenitybdd.core.photography.Darkroom - Send negative for processing for target\site\serenity\40389ee0303a40acc97235f609f793068e6d89e96ea159bd0c5f78b9a6eda9fa.png
09:46:20.470 [main] DEBUG net.thucydides.core.steps.StepInterceptor - STEP DONE: inputPassword
  &amp#27;[32mWhen &amp#27;[0m&amp#27;[32mI input &amp#27;[0m&amp#27;[32m&amp#27;[1m"195410000mentari@gmail.com"&amp#27;[0m&amp#27;[32m and &amp#27;[0m&amp#27;[32m&amp#27;[1m"September90*"&amp#27;[0m &amp#27;[90m# starter.stepdefinitions.LoginSteps.iInputAnd(java.lang.String,java.lang.String)&amp#27;[0m
09:46:20.475 [Darkroom Processing Line] DEBUG net.serenitybdd.core.photography.DarkroomProcessingLine - Processing screenshot image in /var/screenshots/screenshot-16410902860752792666
09:46:20.477 [Darkroom Processing Line] DEBUG net.serenitybdd.core.photography.DarkroomProcessingLine - Saving screenshot to target\site\serenity\40389ee0303a40acc97235f609f793068e6d89e96ea159bd0c5f78b9a6eda9fa.png
09:46:20.525 [Forwarding screenshot on session e522f774ae60bbb59dc5f4ef75b43d68 to remote] DEBUG org.asynchttpclient.netty.request.NettyRequestSender - Using pooled Channel '[id: 0xe63401e0, L:/127.0.0.1:59942 - R:localhost/127.0.0.1:50435]' for 'GET' to 'http://localhost:50435/session/e522f774ae60bbb59dc5f4ef75b43d68/screenshot'
09:46:20.525 [Forwarding screenshot on session e522f774ae60bbb59dc5f4ef75b43d68 to remote] DEBUG org.asynchttpclient.netty.request.NettyRequestSender - Using open Channel [id: 0xe63401e0, L:/127.0.0.1:59942 - R:localhost/127.0.0.1:50435] for GET '/session/e522f774ae60bbb59dc5f4ef75b43d68/screenshot'
09:46:20.692 [AsyncHttpClient-1-2] DEBUG org.asynchttpclient.netty.handler.HttpHandler - 

Request DefaultFullHttpRequest(decodeResult: success, version: HTTP/1.1, content: EmptyByteBufBE)
GET /session/e522f774ae60bbb59dc5f4ef75b43d68/screenshot HTTP/1.1
User-Agent: selenium/4.1.2 (java windows)
Cache-Control: no-cache
Content-Type: application/json; charset=utf-8
host: localhost:50435
accept: */*

Response DefaultHttpResponse(decodeResult: success, version: HTTP/1.1)
HTTP/1.1 200 OK
Content-Type: application/json; charset=utf-8
cache-control: no-cache
content-length: 32708

09:46:20.693 [AsyncHttpClient-1-2] DEBUG org.asynchttpclient.netty.channel.ChannelManager - Adding key: http://localhost:50435 for channel [id: 0xe63401e0, L:/127.0.0.1:59942 - R:localhost/127.0.0.1:50435]
09:46:20.701 [main] DEBUG net.serenitybdd.core.photography.Darkroom - Send negative for processing for target\site\serenity\aa25309b810c363cfbaf8b7381e6e7dbcaa7ac36cbf1d89bba9efd2c4bc8c46c.png
09:46:20.701 [main] DEBUG net.thucydides.core.steps.StepInterceptor - STARTING STEP: LoginSteps.clickLoginButton - clickLoginButton
09:46:20.701 [Darkroom Processing Line] DEBUG net.serenitybdd.core.photography.DarkroomProcessingLine - Processing screenshot image in /var/screenshots/screenshot-11770127217816887873
09:46:20.702 [Darkroom Processing Line] DEBUG net.serenitybdd.core.photography.DarkroomProcessingLine - Saving screenshot to target\site\serenity\aa25309b810c363cfbaf8b7381e6e7dbcaa7ac36cbf1d89bba9efd2c4bc8c46c.png
09:46:20.717 [Forwarding findElement on session e522f774ae60bbb59dc5f4ef75b43d68 to remote] DEBUG org.asynchttpclient.netty.request.NettyRequestSender - Using pooled Channel '[id: 0xe63401e0, L:/127.0.0.1:59942 - R:localhost/127.0.0.1:50435]' for 'POST' to 'http://localhost:50435/session/e522f774ae60bbb59dc5f4ef75b43d68/element'
09:46:20.717 [Forwarding findElement on session e522f774ae60bbb59dc5f4ef75b43d68 to remote] DEBUG org.asynchttpclient.netty.request.NettyRequestSender - Using open Channel [id: 0xe63401e0, L:/127.0.0.1:59942 - R:localhost/127.0.0.1:50435] for POST '/session/e522f774ae60bbb59dc5f4ef75b43d68/element'
09:46:20.731 [AsyncHttpClient-1-2] DEBUG org.asynchttpclient.netty.handler.HttpHandler - 

Request DefaultHttpRequest(decodeResult: success, version: HTTP/1.1)
POST /session/e522f774ae60bbb59dc5f4ef75b43d68/element HTTP/1.1
User-Agent: selenium/4.1.2 (java windows)
Content-Length: 165
Content-Type: application/json; charset=utf-8
host: localhost:50435
accept: */*

Response DefaultHttpResponse(decodeResult: success, version: HTTP/1.1)
HTTP/1.1 200 OK
Content-Type: application/json; charset=utf-8
cache-control: no-cache
content-length: 88

09:46:20.731 [AsyncHttpClient-1-2] DEBUG org.asynchttpclient.netty.channel.ChannelManager - Adding key: http://localhost:50435 for channel [id: 0xe63401e0, L:/127.0.0.1:59942 - R:localhost/127.0.0.1:50435]
09:46:20.731 [Forwarding getElementTagName on session e522f774ae60bbb59dc5f4ef75b43d68 to remote] DEBUG org.asynchttpclient.netty.request.NettyRequestSender - Using pooled Channel '[id: 0xe63401e0, L:/127.0.0.1:59942 - R:localhost/127.0.0.1:50435]' for 'GET' to 'http://localhost:50435/session/e522f774ae60bbb59dc5f4ef75b43d68/element/162720f6-2af6-42ed-a1df-2e5b717760f0/name'
09:46:20.731 [Forwarding getElementTagName on session e522f774ae60bbb59dc5f4ef75b43d68 to remote] DEBUG org.asynchttpclient.netty.request.NettyRequestSender - Using open Channel [id: 0xe63401e0, L:/127.0.0.1:59942 - R:localhost/127.0.0.1:50435] for GET '/session/e522f774ae60bbb59dc5f4ef75b43d68/element/162720f6-2af6-42ed-a1df-2e5b717760f0/name'
09:46:20.777 [AsyncHttpClient-1-2] DEBUG org.asynchttpclient.netty.handler.HttpHandler - 

Request DefaultFullHttpRequest(decodeResult: success, version: HTTP/1.1, content: EmptyByteBufBE)
GET /session/e522f774ae60bbb59dc5f4ef75b43d68/element/162720f6-2af6-42ed-a1df-2e5b717760f0/name HTTP/1.1
User-Agent: selenium/4.1.2 (java windows)
Cache-Control: no-cache
Content-Type: application/json; charset=utf-8
host: localhost:50435
accept: */*

Response DefaultHttpResponse(decodeResult: success, version: HTTP/1.1)
HTTP/1.1 200 OK
Content-Type: application/json; charset=utf-8
cache-control: no-cache
content-length: 16

09:46:20.777 [AsyncHttpClient-1-2] DEBUG org.asynchttpclient.netty.channel.ChannelManager - Adding key: http://localhost:50435 for channel [id: 0xe63401e0, L:/127.0.0.1:59942 - R:localhost/127.0.0.1:50435]
09:46:20.777 [Forwarding getElementTagName on session e522f774ae60bbb59dc5f4ef75b43d68 to remote] DEBUG org.asynchttpclient.netty.request.NettyRequestSender - Using pooled Channel '[id: 0xe63401e0, L:/127.0.0.1:59942 - R:localhost/127.0.0.1:50435]' for 'GET' to 'http://localhost:50435/session/e522f774ae60bbb59dc5f4ef75b43d68/element/162720f6-2af6-42ed-a1df-2e5b717760f0/name'
09:46:20.777 [Forwarding getElementTagName on session e522f774ae60bbb59dc5f4ef75b43d68 to remote] DEBUG org.asynchttpclient.netty.request.NettyRequestSender - Using open Channel [id: 0xe63401e0, L:/127.0.0.1:59942 - R:localhost/127.0.0.1:50435] for GET '/session/e522f774ae60bbb59dc5f4ef75b43d68/element/162720f6-2af6-42ed-a1df-2e5b717760f0/name'
09:46:20.793 [AsyncHttpClient-1-2] DEBUG org.asynchttpclient.netty.handler.HttpHandler - 

Request DefaultFullHttpRequest(decodeResult: success, version: HTTP/1.1, content: EmptyByteBufBE)
GET /session/e522f774ae60bbb59dc5f4ef75b43d68/element/162720f6-2af6-42ed-a1df-2e5b717760f0/name HTTP/1.1
User-Agent: selenium/4.1.2 (java windows)
Cache-Control: no-cache
Content-Type: application/json; charset=utf-8
host: localhost:50435
accept: */*

Response DefaultHttpResponse(decodeResult: success, version: HTTP/1.1)
HTTP/1.1 200 OK
Content-Type: application/json; charset=utf-8
cache-control: no-cache
content-length: 16

09:46:20.793 [AsyncHttpClient-1-2] DEBUG org.asynchttpclient.netty.channel.ChannelManager - Adding key: http://localhost:50435 for channel [id: 0xe63401e0, L:/127.0.0.1:59942 - R:localhost/127.0.0.1:50435]
09:46:20.793 [Forwarding findElement on session e522f774ae60bbb59dc5f4ef75b43d68 to remote] DEBUG org.asynchttpclient.netty.request.NettyRequestSender - Using pooled Channel '[id: 0xe63401e0, L:/127.0.0.1:59942 - R:localhost/127.0.0.1:50435]' for 'POST' to 'http://localhost:50435/session/e522f774ae60bbb59dc5f4ef75b43d68/element'
09:46:20.793 [Forwarding findElement on session e522f774ae60bbb59dc5f4ef75b43d68 to remote] DEBUG org.asynchttpclient.netty.request.NettyRequestSender - Using open Channel [id: 0xe63401e0, L:/127.0.0.1:59942 - R:localhost/127.0.0.1:50435] for POST '/session/e522f774ae60bbb59dc5f4ef75b43d68/element'
09:46:20.808 [AsyncHttpClient-1-2] DEBUG org.asynchttpclient.netty.handler.HttpHandler - 

Request DefaultHttpRequest(decodeResult: success, version: HTTP/1.1)
POST /session/e522f774ae60bbb59dc5f4ef75b43d68/element HTTP/1.1
User-Agent: selenium/4.1.2 (java windows)
Content-Length: 165
Content-Type: application/json; charset=utf-8
host: localhost:50435
accept: */*

Response DefaultHttpResponse(decodeResult: success, version: HTTP/1.1)
HTTP/1.1 200 OK
Content-Type: application/json; charset=utf-8
cache-control: no-cache
content-length: 88

09:46:20.808 [AsyncHttpClient-1-2] DEBUG org.asynchttpclient.netty.channel.ChannelManager - Adding key: http://localhost:50435 for channel [id: 0xe63401e0, L:/127.0.0.1:59942 - R:localhost/127.0.0.1:50435]
09:46:20.808 [Forwarding clickElement on session e522f774ae60bbb59dc5f4ef75b43d68 to remote] DEBUG org.asynchttpclient.netty.request.NettyRequestSender - Using pooled Channel '[id: 0xe63401e0, L:/127.0.0.1:59942 - R:localhost/127.0.0.1:50435]' for 'POST' to 'http://localhost:50435/session/e522f774ae60bbb59dc5f4ef75b43d68/element/162720f6-2af6-42ed-a1df-2e5b717760f0/click'
09:46:20.808 [Forwarding clickElement on session e522f774ae60bbb59dc5f4ef75b43d68 to remote] DEBUG org.asynchttpclient.netty.request.NettyRequestSender - Using open Channel [id: 0xe63401e0, L:/127.0.0.1:59942 - R:localhost/127.0.0.1:50435] for POST '/session/e522f774ae60bbb59dc5f4ef75b43d68/element/162720f6-2af6-42ed-a1df-2e5b717760f0/click'
09:46:20.940 [AsyncHttpClient-1-2] DEBUG org.asynchttpclient.netty.handler.HttpHandler - 

Request DefaultHttpRequest(decodeResult: success, version: HTTP/1.1)
POST /session/e522f774ae60bbb59dc5f4ef75b43d68/element/162720f6-2af6-42ed-a1df-2e5b717760f0/click HTTP/1.1
User-Agent: selenium/4.1.2 (java windows)
Content-Length: 50
Content-Type: application/json; charset=utf-8
host: localhost:50435
accept: */*

Response DefaultHttpResponse(decodeResult: success, version: HTTP/1.1)
HTTP/1.1 200 OK
Content-Type: application/json; charset=utf-8
cache-control: no-cache
content-length: 14

09:46:20.940 [AsyncHttpClient-1-2] DEBUG org.asynchttpclient.netty.channel.ChannelManager - Adding key: http://localhost:50435 for channel [id: 0xe63401e0, L:/127.0.0.1:59942 - R:localhost/127.0.0.1:50435]
09:46:20.958 [Forwarding screenshot on session e522f774ae60bbb59dc5f4ef75b43d68 to remote] DEBUG org.asynchttpclient.netty.request.NettyRequestSender - Using pooled Channel '[id: 0xe63401e0, L:/127.0.0.1:59942 - R:localhost/127.0.0.1:50435]' for 'GET' to 'http://localhost:50435/session/e522f774ae60bbb59dc5f4ef75b43d68/screenshot'
09:46:20.959 [Forwarding screenshot on session e522f774ae60bbb59dc5f4ef75b43d68 to remote] DEBUG org.asynchttpclient.netty.request.NettyRequestSender - Using open Channel [id: 0xe63401e0, L:/127.0.0.1:59942 - R:localhost/127.0.0.1:50435] for GET '/session/e522f774ae60bbb59dc5f4ef75b43d68/screenshot'
09:46:21.338 [AsyncHttpClient-1-2] DEBUG org.asynchttpclient.netty.handler.HttpHandler - 

Request DefaultFullHttpRequest(decodeResult: success, version: HTTP/1.1, content: EmptyByteBufBE)
GET /session/e522f774ae60bbb59dc5f4ef75b43d68/screenshot HTTP/1.1
User-Agent: selenium/4.1.2 (java windows)
Cache-Control: no-cache
Content-Type: application/json; charset=utf-8
host: localhost:50435
accept: */*

Response DefaultHttpResponse(decodeResult: success, version: HTTP/1.1)
HTTP/1.1 200 OK
Content-Type: application/json; charset=utf-8
cache-control: no-cache
content-length: 33024

09:46:21.339 [AsyncHttpClient-1-2] DEBUG org.asynchttpclient.netty.channel.ChannelManager - Adding key: http://localhost:50435 for channel [id: 0xe63401e0, L:/127.0.0.1:59942 - R:localhost/127.0.0.1:50435]
09:46:21.344 [main] DEBUG net.serenitybdd.core.photography.Darkroom - Send negative for processing for target\site\serenity\00d5d766f8f0f7e7992650ef03054874228441f4d143ed3efb02217cb5f9f7b6.png
09:46:21.344 [main] DEBUG net.thucydides.core.steps.StepInterceptor - STEP DONE: clickLoginButton
  &amp#27;[32mAnd &amp#27;[0m&amp#27;[32mclick login button&amp#27;[0m                                       &amp#27;[90m# starter.stepdefinitions.LoginSteps.clickLoginButton()&amp#27;[0m
09:46:21.373 [Darkroom Processing Line] DEBUG net.serenitybdd.core.photography.DarkroomProcessingLine - Processing screenshot image in /var/screenshots/screenshot-3525426935766074002
09:46:21.373 [Darkroom Processing Line] DEBUG net.serenitybdd.core.photography.DarkroomProcessingLine - Saving screenshot to target\site\serenity\00d5d766f8f0f7e7992650ef03054874228441f4d143ed3efb02217cb5f9f7b6.png
09:46:21.391 [AsyncHttpClient-1-1] DEBUG org.asynchttpclient.netty.channel.DefaultChannelPool - Entry count for : http://localhost:50435 : 1
09:46:21.391 [AsyncHttpClient-1-1] DEBUG org.asynchttpclient.netty.channel.DefaultChannelPool - Entry count for : http://localhost:59944 : 1
09:46:22.463 [AsyncHttpClient-1-1] DEBUG org.asynchttpclient.netty.channel.DefaultChannelPool - Entry count for : http://localhost:50435 : 1
09:46:22.463 [AsyncHttpClient-1-1] DEBUG org.asynchttpclient.netty.channel.DefaultChannelPool - Entry count for : http://localhost:59944 : 1
09:46:23.619 [AsyncHttpClient-1-1] DEBUG org.asynchttpclient.netty.channel.DefaultChannelPool - Entry count for : http://localhost:50435 : 1
09:46:23.619 [AsyncHttpClient-1-1] DEBUG org.asynchttpclient.netty.channel.DefaultChannelPool - Entry count for : http://localhost:59944 : 1
09:46:24.238 [Forwarding screenshot on session e522f774ae60bbb59dc5f4ef75b43d68 to remote] DEBUG org.asynchttpclient.netty.request.NettyRequestSender - Using pooled Channel '[id: 0xe63401e0, L:/127.0.0.1:59942 - R:localhost/127.0.0.1:50435]' for 'GET' to 'http://localhost:50435/session/e522f774ae60bbb59dc5f4ef75b43d68/screenshot'
09:46:24.238 [Forwarding screenshot on session e522f774ae60bbb59dc5f4ef75b43d68 to remote] DEBUG org.asynchttpclient.netty.request.NettyRequestSender - Using open Channel [id: 0xe63401e0, L:/127.0.0.1:59942 - R:localhost/127.0.0.1:50435] for GET '/session/e522f774ae60bbb59dc5f4ef75b43d68/screenshot'
09:46:24.745 [AsyncHttpClient-1-1] DEBUG org.asynchttpclient.netty.channel.DefaultChannelPool - Entry count for : http://localhost:59944 : 1
09:46:25.830 [AsyncHttpClient-1-1] DEBUG org.asynchttpclient.netty.channel.DefaultChannelPool - Entry count for : http://localhost:59944 : 1
09:46:26.932 [AsyncHttpClient-1-1] DEBUG org.asynchttpclient.netty.channel.DefaultChannelPool - Entry count for : http://localhost:59944 : 1
09:46:28.025 [AsyncHttpClient-1-1] DEBUG org.asynchttpclient.netty.channel.DefaultChannelPool - Entry count for : http://localhost:59944 : 1
09:46:29.160 [AsyncHttpClient-1-1] DEBUG org.asynchttpclient.netty.channel.DefaultChannelPool - Entry count for : http://localhost:59944 : 1
09:46:30.250 [AsyncHttpClient-1-1] DEBUG org.asynchttpclient.netty.channel.DefaultChannelPool - Entry count for : http://localhost:59944 : 1
09:46:31.537 [AsyncHttpClient-1-1] DEBUG org.asynchttpclient.netty.channel.DefaultChannelPool - Entry count for : http://localhost:59944 : 1
09:46:32.622 [AsyncHttpClient-1-1] DEBUG org.asynchttpclient.netty.channel.DefaultChannelPool - Entry count for : http://localhost:59944 : 1
09:46:32.955 [AsyncHttpClient-1-2] DEBUG org.asynchttpclient.netty.handler.HttpHandler - 

Request DefaultFullHttpRequest(decodeResult: success, version: HTTP/1.1, content: EmptyByteBufBE)
GET /session/e522f774ae60bbb59dc5f4ef75b43d68/screenshot HTTP/1.1
User-Agent: selenium/4.1.2 (java windows)
Cache-Control: no-cache
Content-Type: application/json; charset=utf-8
host: localhost:50435
accept: */*

Response DefaultHttpResponse(decodeResult: success, version: HTTP/1.1)
HTTP/1.1 200 OK
Content-Type: application/json; charset=utf-8
cache-control: no-cache
content-length: 81112

09:46:32.955 [AsyncHttpClient-1-2] DEBUG org.asynchttpclient.netty.channel.ChannelManager - Adding key: http://localhost:50435 for channel [id: 0xe63401e0, L:/127.0.0.1:59942 - R:localhost/127.0.0.1:50435]
09:46:32.971 [main] DEBUG net.serenitybdd.core.photography.Darkroom - Send negative for processing for target\site\serenity\e32ebb6d58b37ab6d67d0d7082bd7cbebcd9fe7e1a044730e5f298e588dfe3d5.png
09:46:32.971 [main] DEBUG net.thucydides.core.steps.StepInterceptor - STARTING STEP: LogoutSteps.iClickButtonIcon - clickIconButton
09:46:33.002 [Forwarding findElement on session e522f774ae60bbb59dc5f4ef75b43d68 to remote] DEBUG org.asynchttpclient.netty.request.NettyRequestSender - Using pooled Channel '[id: 0xe63401e0, L:/127.0.0.1:59942 - R:localhost/127.0.0.1:50435]' for 'POST' to 'http://localhost:50435/session/e522f774ae60bbb59dc5f4ef75b43d68/element'
09:46:33.002 [Forwarding findElement on session e522f774ae60bbb59dc5f4ef75b43d68 to remote] DEBUG org.asynchttpclient.netty.request.NettyRequestSender - Using open Channel [id: 0xe63401e0, L:/127.0.0.1:59942 - R:localhost/127.0.0.1:50435] for POST '/session/e522f774ae60bbb59dc5f4ef75b43d68/element'
09:46:33.008 [Darkroom Processing Line] DEBUG net.serenitybdd.core.photography.DarkroomProcessingLine - Processing screenshot image in /var/screenshots/screenshot-4983910784426505504
09:46:33.008 [Darkroom Processing Line] DEBUG net.serenitybdd.core.photography.DarkroomProcessingLine - Saving screenshot to target\site\serenity\e32ebb6d58b37ab6d67d0d7082bd7cbebcd9fe7e1a044730e5f298e588dfe3d5.png
09:46:33.039 [AsyncHttpClient-1-2] DEBUG org.asynchttpclient.netty.handler.HttpHandler - 

Request DefaultHttpRequest(decodeResult: success, version: HTTP/1.1)
POST /session/e522f774ae60bbb59dc5f4ef75b43d68/element HTTP/1.1
User-Agent: selenium/4.1.2 (java windows)
Content-Length: 128
Content-Type: application/json; charset=utf-8
host: localhost:50435
accept: */*

Response DefaultHttpResponse(decodeResult: success, version: HTTP/1.1)
HTTP/1.1 200 OK
Content-Type: application/json; charset=utf-8
cache-control: no-cache
content-length: 88

09:46:33.039 [AsyncHttpClient-1-2] DEBUG org.asynchttpclient.netty.channel.ChannelManager - Adding key: http://localhost:50435 for channel [id: 0xe63401e0, L:/127.0.0.1:59942 - R:localhost/127.0.0.1:50435]
09:46:33.054 [Forwarding getElementTagName on session e522f774ae60bbb59dc5f4ef75b43d68 to remote] DEBUG org.asynchttpclient.netty.request.NettyRequestSender - Using pooled Channel '[id: 0xe63401e0, L:/127.0.0.1:59942 - R:localhost/127.0.0.1:50435]' for 'GET' to 'http://localhost:50435/session/e522f774ae60bbb59dc5f4ef75b43d68/element/860eaeec-c893-48ac-a299-aedfa9d6ea15/name'
09:46:33.054 [Forwarding getElementTagName on session e522f774ae60bbb59dc5f4ef75b43d68 to remote] DEBUG org.asynchttpclient.netty.request.NettyRequestSender - Using open Channel [id: 0xe63401e0, L:/127.0.0.1:59942 - R:localhost/127.0.0.1:50435] for GET '/session/e522f774ae60bbb59dc5f4ef75b43d68/element/860eaeec-c893-48ac-a299-aedfa9d6ea15/name'
09:46:33.062 [AsyncHttpClient-1-2] DEBUG org.asynchttpclient.netty.handler.HttpHandler - 

Request DefaultFullHttpRequest(decodeResult: success, version: HTTP/1.1, content: EmptyByteBufBE)
GET /session/e522f774ae60bbb59dc5f4ef75b43d68/element/860eaeec-c893-48ac-a299-aedfa9d6ea15/name HTTP/1.1
User-Agent: selenium/4.1.2 (java windows)
Cache-Control: no-cache
Content-Type: application/json; charset=utf-8
host: localhost:50435
accept: */*

Response DefaultHttpResponse(decodeResult: success, version: HTTP/1.1)
HTTP/1.1 200 OK
Content-Type: application/json; charset=utf-8
cache-control: no-cache
content-length: 13

09:46:33.062 [AsyncHttpClient-1-2] DEBUG org.asynchttpclient.netty.channel.ChannelManager - Adding key: http://localhost:50435 for channel [id: 0xe63401e0, L:/127.0.0.1:59942 - R:localhost/127.0.0.1:50435]
09:46:33.062 [Forwarding getElementTagName on session e522f774ae60bbb59dc5f4ef75b43d68 to remote] DEBUG org.asynchttpclient.netty.request.NettyRequestSender - Using pooled Channel '[id: 0xe63401e0, L:/127.0.0.1:59942 - R:localhost/127.0.0.1:50435]' for 'GET' to 'http://localhost:50435/session/e522f774ae60bbb59dc5f4ef75b43d68/element/860eaeec-c893-48ac-a299-aedfa9d6ea15/name'
09:46:33.062 [Forwarding getElementTagName on session e522f774ae60bbb59dc5f4ef75b43d68 to remote] DEBUG org.asynchttpclient.netty.request.NettyRequestSender - Using open Channel [id: 0xe63401e0, L:/127.0.0.1:59942 - R:localhost/127.0.0.1:50435] for GET '/session/e522f774ae60bbb59dc5f4ef75b43d68/element/860eaeec-c893-48ac-a299-aedfa9d6ea15/name'
09:46:33.185 [AsyncHttpClient-1-2] DEBUG org.asynchttpclient.netty.handler.HttpHandler - 

Request DefaultFullHttpRequest(decodeResult: success, version: HTTP/1.1, content: EmptyByteBufBE)
GET /session/e522f774ae60bbb59dc5f4ef75b43d68/element/860eaeec-c893-48ac-a299-aedfa9d6ea15/name HTTP/1.1
User-Agent: selenium/4.1.2 (java windows)
Cache-Control: no-cache
Content-Type: application/json; charset=utf-8
host: localhost:50435
accept: */*

Response DefaultHttpResponse(decodeResult: success, version: HTTP/1.1)
HTTP/1.1 200 OK
Content-Type: application/json; charset=utf-8
cache-control: no-cache
content-length: 13

09:46:33.185 [AsyncHttpClient-1-2] DEBUG org.asynchttpclient.netty.channel.ChannelManager - Adding key: http://localhost:50435 for channel [id: 0xe63401e0, L:/127.0.0.1:59942 - R:localhost/127.0.0.1:50435]
09:46:33.232 [Forwarding findElement on session e522f774ae60bbb59dc5f4ef75b43d68 to remote] DEBUG org.asynchttpclient.netty.request.NettyRequestSender - Using pooled Channel '[id: 0xe63401e0, L:/127.0.0.1:59942 - R:localhost/127.0.0.1:50435]' for 'POST' to 'http://localhost:50435/session/e522f774ae60bbb59dc5f4ef75b43d68/element'
09:46:33.232 [Forwarding findElement on session e522f774ae60bbb59dc5f4ef75b43d68 to remote] DEBUG org.asynchttpclient.netty.request.NettyRequestSender - Using open Channel [id: 0xe63401e0, L:/127.0.0.1:59942 - R:localhost/127.0.0.1:50435] for POST '/session/e522f774ae60bbb59dc5f4ef75b43d68/element'
09:46:33.253 [AsyncHttpClient-1-2] DEBUG org.asynchttpclient.netty.handler.HttpHandler - 

Request DefaultHttpRequest(decodeResult: success, version: HTTP/1.1)
POST /session/e522f774ae60bbb59dc5f4ef75b43d68/element HTTP/1.1
User-Agent: selenium/4.1.2 (java windows)
Content-Length: 128
Content-Type: application/json; charset=utf-8
host: localhost:50435
accept: */*

Response DefaultHttpResponse(decodeResult: success, version: HTTP/1.1)
HTTP/1.1 200 OK
Content-Type: application/json; charset=utf-8
cache-control: no-cache
content-length: 88

09:46:33.253 [AsyncHttpClient-1-2] DEBUG org.asynchttpclient.netty.channel.ChannelManager - Adding key: http://localhost:50435 for channel [id: 0xe63401e0, L:/127.0.0.1:59942 - R:localhost/127.0.0.1:50435]
09:46:33.456 [Forwarding clickElement on session e522f774ae60bbb59dc5f4ef75b43d68 to remote] DEBUG org.asynchttpclient.netty.request.NettyRequestSender - Using pooled Channel '[id: 0xe63401e0, L:/127.0.0.1:59942 - R:localhost/127.0.0.1:50435]' for 'POST' to 'http://localhost:50435/session/e522f774ae60bbb59dc5f4ef75b43d68/element/860eaeec-c893-48ac-a299-aedfa9d6ea15/click'
09:46:33.456 [Forwarding clickElement on session e522f774ae60bbb59dc5f4ef75b43d68 to remote] DEBUG org.asynchttpclient.netty.request.NettyRequestSender - Using open Channel [id: 0xe63401e0, L:/127.0.0.1:59942 - R:localhost/127.0.0.1:50435] for POST '/session/e522f774ae60bbb59dc5f4ef75b43d68/element/860eaeec-c893-48ac-a299-aedfa9d6ea15/click'
09:46:33.718 [AsyncHttpClient-1-1] DEBUG org.asynchttpclient.netty.channel.DefaultChannelPool - Entry count for : http://localhost:59944 : 1
09:46:33.722 [AsyncHttpClient-1-2] DEBUG org.asynchttpclient.netty.handler.HttpHandler - 

Request DefaultHttpRequest(decodeResult: success, version: HTTP/1.1)
POST /session/e522f774ae60bbb59dc5f4ef75b43d68/element/860eaeec-c893-48ac-a299-aedfa9d6ea15/click HTTP/1.1
User-Agent: selenium/4.1.2 (java windows)
Content-Length: 50
Content-Type: application/json; charset=utf-8
host: localhost:50435
accept: */*

Response DefaultHttpResponse(decodeResult: success, version: HTTP/1.1)
HTTP/1.1 200 OK
Content-Type: application/json; charset=utf-8
cache-control: no-cache
content-length: 14

09:46:33.723 [AsyncHttpClient-1-2] DEBUG org.asynchttpclient.netty.channel.ChannelManager - Adding key: http://localhost:50435 for channel [id: 0xe63401e0, L:/127.0.0.1:59942 - R:localhost/127.0.0.1:50435]
09:46:33.753 [Forwarding screenshot on session e522f774ae60bbb59dc5f4ef75b43d68 to remote] DEBUG org.asynchttpclient.netty.request.NettyRequestSender - Using pooled Channel '[id: 0xe63401e0, L:/127.0.0.1:59942 - R:localhost/127.0.0.1:50435]' for 'GET' to 'http://localhost:50435/session/e522f774ae60bbb59dc5f4ef75b43d68/screenshot'
09:46:33.753 [Forwarding screenshot on session e522f774ae60bbb59dc5f4ef75b43d68 to remote] DEBUG org.asynchttpclient.netty.request.NettyRequestSender - Using open Channel [id: 0xe63401e0, L:/127.0.0.1:59942 - R:localhost/127.0.0.1:50435] for GET '/session/e522f774ae60bbb59dc5f4ef75b43d68/screenshot'
09:46:34.303 [AsyncHttpClient-1-2] DEBUG org.asynchttpclient.netty.handler.HttpHandler - 

Request DefaultFullHttpRequest(decodeResult: success, version: HTTP/1.1, content: EmptyByteBufBE)
GET /session/e522f774ae60bbb59dc5f4ef75b43d68/screenshot HTTP/1.1
User-Agent: selenium/4.1.2 (java windows)
Cache-Control: no-cache
Content-Type: application/json; charset=utf-8
host: localhost:50435
accept: */*

Response DefaultHttpResponse(decodeResult: success, version: HTTP/1.1)
HTTP/1.1 200 OK
Content-Type: application/json; charset=utf-8
cache-control: no-cache
content-length: 87860

09:46:34.306 [AsyncHttpClient-1-2] DEBUG org.asynchttpclient.netty.channel.ChannelManager - Adding key: http://localhost:50435 for channel [id: 0xe63401e0, L:/127.0.0.1:59942 - R:localhost/127.0.0.1:50435]
09:46:34.316 [main] DEBUG net.serenitybdd.core.photography.Darkroom - Send negative for processing for target\site\serenity\1cdbe784274e27f3d1c8edc31bcf3d2967d363490e31b5a41c4ce36df4c97727.png
09:46:34.317 [Darkroom Processing Line] DEBUG net.serenitybdd.core.photography.DarkroomProcessingLine - Processing screenshot image in /var/screenshots/screenshot-8599753723688596237
[...]
	at net.serenitybdd.core.pages.WebElementFacadeImpl.waitUntilEnabled(WebElementFacadeImpl.java:1100)
	at net.serenitybdd.core.pages.WebElementFacadeImpl.waitUntilElementAvailable(WebElementFacadeImpl.java:888)
	at net.serenitybdd.core.pages.WebElementFacadeImpl.click(WebElementFacadeImpl.java:1182)
	at net.serenitybdd.core.pages.WebElementFacadeImpl.click(WebElementFacadeImpl.java:1201)
	at web.automation.using.serenity@1.0-SNAPSHOT/starter.pages.LogoutPage.clickLogoutButton(LogoutPage.java:31)
	at web.automation.using.serenity@1.0-SNAPSHOT/starter.pages.LogoutPage$ByteBuddy$goAnQ04f.clickLogoutButton$accessor$mVXjnEaR(Unknown Source)
	at java.base/jdk.internal.reflect.NativeMethodAccessorImpl.invoke0(Native Method)
	at java.base/jdk.internal.reflect.NativeMethodAccessorImpl.invoke(NativeMethodAccessorImpl.java:64)
	at java.base/jdk.internal.reflect.DelegatingMethodAccessorImpl.invoke(DelegatingMethodAccessorImpl.java:43)
	at java.base/java.lang.reflect.Method.invoke(Method.java:564)
	at net.thucydides.core.steps.StepInterceptor.invokeMethod(StepInterceptor.java:503)
	at net.thucydides.core.steps.StepInterceptor.executeTestStepMethod(StepInterceptor.java:483)
	at net.thucydides.core.steps.StepInterceptor.runTestStep(StepInterceptor.java:457)
	at net.thucydides.core.steps.StepInterceptor.runOrSkipMethod(StepInterceptor.java:209)
	at net.thucydides.core.steps.StepInterceptor.testStepResult(StepInterceptor.java:196)
	at net.thucydides.core.steps.StepInterceptor.intercept(StepInterceptor.java:84)
	at net.thucydides.core.steps.ProxyConfiguration$InterceptorDispatcher.intercept(ProxyConfiguration.java:51)
	at web.automation.using.serenity@1.0-SNAPSHOT/starter.pages.LogoutPage$ByteBuddy$goAnQ04f.clickLogoutButton(Unknown Source)
	at web.automation.using.serenity@1.0-SNAPSHOT/starter.stepdefinitions.LogoutSteps.iClickButtonLogout(LogoutSteps.java:24)
	at âœ½.I click button logout(file:///D:/web-automation-using-serenity/src/test/resources/features/Logout.feature:10)
Caused by: org.openqa.selenium.TimeoutException: Expected condition failed: waiting for By.xpath: //*[@class = 'v-list-item__title'][2]//div[text() = 'Logout'] to be enabled (tried for 5 second(s) with 100 milliseconds interval)
	at org.openqa.selenium.support.ui.FluentWait.timeoutException(FluentWait.java:263)
	at org.openqa.selenium.support.ui.FluentWait.until(FluentWait.java:231)
	at net.serenitybdd.core.pages.WebElementFacadeImpl.waitUntilEnabled(WebElementFacadeImpl.java:1097)
	at net.serenitybdd.core.pages.WebElementFacadeImpl.waitUntilElementAvailable(WebElementFacadeImpl.java:888)
	at net.serenitybdd.core.pages.WebElementFacadeImpl.click(WebElementFacadeImpl.java:1182)
	at net.serenitybdd.core.pages.WebElementFacadeImpl.click(WebElementFacadeImpl.java:1201)
	at web.automation.using.serenity@1.0-SNAPSHOT/starter.pages.LogoutPage.clickLogoutButton(LogoutPage.java:31)
	at web.automation.using.serenity@1.0-SNAPSHOT/starter.pages.LogoutPage$ByteBuddy$goAnQ04f.clickLogoutButton$accessor$mVXjnEaR(Unknown Source)
	at java.base/jdk.internal.reflect.NativeMethodAccessorImpl.invoke0(Native Method)
	at java.base/jdk.internal.reflect.NativeMethodAccessorImpl.invoke(NativeMethodAccessorImpl.java:64)
	at java.base/jdk.internal.reflect.DelegatingMethodAccessorImpl.invoke(DelegatingMethodAccessorImpl.java:43)
	at java.base/java.lang.reflect.Method.invoke(Method.java:564)
	at net.thucydides.core.steps.StepInterceptor.invokeMethod(StepInterceptor.java:503)
	at net.thucydides.core.steps.StepInterceptor.executeTestStepMethod(StepInterceptor.java:483)
	at net.thucydides.core.steps.StepInterceptor.runTestStep(StepInterceptor.java:457)
	at net.thucydides.core.steps.StepInterceptor.runOrSkipMethod(StepInterceptor.java:209)
	at net.thucydides.core.steps.StepInterceptor.testStepResult(StepInterceptor.java:196)
	at net.thucydides.core.steps.StepInterceptor.intercept(StepInterceptor.java:84)
	at net.thucydides.core.steps.ProxyConfiguration$InterceptorDispatcher.intercept(ProxyConfiguration.java:51)
	at web.automation.using.serenity@1.0-SNAPSHOT/starter.pages.LogoutPage$ByteBuddy$goAnQ04f.clickLogoutButton(Unknown Source)
	at web.automation.using.serenity@1.0-SNAPSHOT/starter.stepdefinitions.LogoutSteps.iClickButtonLogout(LogoutSteps.java:24)
	at java.base/jdk.internal.reflect.NativeMethodAccessorImpl.invoke0(Native Method)
	at java.base/jdk.internal.reflect.NativeMethodAccessorImpl.invoke(NativeMethodAccessorImpl.java:64)
	at java.base/jdk.internal.reflect.DelegatingMethodAccessorImpl.invoke(DelegatingMethodAccessorImpl.java:43)
	at java.base/java.lang.reflect.Method.invoke(Method.java:564)
	at io.cucumber.java.Invoker.doInvoke(Invoker.java:66)
	at io.cucumber.java.Invoker.invoke(Invoker.java:24)
	at io.cucumber.java.AbstractGlueDefinition.invokeMethod(AbstractGlueDefinition.java:47)
	at io.cucumber.java.JavaStepDefinition.execute(JavaStepDefinition.java:29)
	at io.cucumber.core.runner.CoreStepDefinition.execute(CoreStepDefinition.java:66)
	at io.cucumber.core.runner.PickleStepDefinitionMatch.runStep(PickleStepDefinitionMatch.java:63)
	at io.cucumber.core.runner.ExecutionMode$1.execute(ExecutionMode.java:10)
	at io.cucumber.core.runner.TestStep.executeStep(TestStep.java:86)
	at io.cucumber.core.runner.TestStep.run(TestStep.java:57)
	at io.cucumber.core.runner.PickleStepTestStep.run(PickleStepTestStep.java:51)
	at io.cucumber.core.runner.TestCase.run(TestCase.java:95)
	at io.cucumber.core.runner.Runner.runPickle(Runner.java:75)
	at io.cucumber.junit.PickleRunners$NoStepDescriptions.lambda$run$0(PickleRunners.java:151)
	at io.cucumber.core.runtime.CucumberExecutionContext.lambda$runTestCase$3(CucumberExecutionContext.java:151)
	at io.cucumber.core.runtime.RethrowingThrowableCollector.executeAndThrow(RethrowingThrowableCollector.java:23)
	at io.cucumber.core.runtime.CucumberExecutionContext.runTestCase(CucumberExecutionContext.java:151)
	at io.cucumber.junit.PickleRunners$NoStepDescriptions.run(PickleRunners.java:148)
	at io.cucumber.junit.FeatureRunner.runChild(FeatureRunner.java:144)
	at io.cucumber.junit.FeatureRunner.runChild(FeatureRunner.java:28)
	at org.junit.runners.ParentRunner$4.run(ParentRunner.java:331)
	at org.junit.runners.ParentRunner$1.schedule(ParentRunner.java:79)
	at org.junit.runners.ParentRunner.runChildren(ParentRunner.java:329)
	at org.junit.runners.ParentRunner.access$100(ParentRunner.java:66)
	at org.junit.runners.ParentRunner$2.evaluate(ParentRunner.java:293)
	at org.junit.runners.ParentRunner$3.evaluate(ParentRunner.java:306)
	at org.junit.runners.ParentRunner.run(ParentRunner.java:413)
	at io.cucumber.junit.FeatureRunner.run(FeatureRunner.java:137)
	at io.cucumber.junit.CucumberSerenityRunner.runChild(CucumberSerenityRunner.java:258)
	at io.cucumber.junit.CucumberSerenityRunner.runChild(CucumberSerenityRunner.java:58)
	at org.junit.runners.ParentRunner$4.run(ParentRunner.java:331)
	at org.junit.runners.ParentRunner$1.schedule(ParentRunner.java:79)
	at org.junit.runners.ParentRunner.runChildren(ParentRunner.java:329)
	at org.junit.runners.ParentRunner.access$100(ParentRunner.java:66)
	at org.junit.runners.ParentRunner$2.evaluate(ParentRunner.java:293)
	at io.cucumber.junit.CucumberSerenityRunner$RunCucumber.evaluate(CucumberSerenityRunner.java:287)
	at org.junit.runners.ParentRunner$3.evaluate(ParentRunner.java:306)
	at org.junit.runners.ParentRunner.run(ParentRunner.java:413)
	at org.junit.runner.JUnitCore.run(JUnitCore.java:137)
	at org.junit.runner.JUnitCore.run(JUnitCore.java:115)
	at org.junit.vintage.engine.execution.RunnerExecutor.execute(RunnerExecutor.java:42)
	at org.junit.vintage.engine.VintageTestEngine.executeAllChildren(VintageTestEngine.java:80)
	at org.junit.vintage.engine.VintageTestEngine.execute(VintageTestEngine.java:72)
	at org.junit.platform.launcher.core.EngineExecutionOrchestrator.execute(EngineExecutionOrchestrator.java:107)
	at org.junit.platform.launcher.core.EngineExecutionOrchestrator.execute(EngineExecutionOrchestrator.java:88)
	at org.junit.platform.launcher.core.EngineExecutionOrchestrator.lambda$execute$0(EngineExecutionOrchestrator.java:54)
	at org.junit.platform.launcher.core.EngineExecutionOrchestrator.withInterceptedStreams(EngineExecutionOrchestrator.java:67)
	at org.junit.platform.launcher.core.EngineExecutionOrchestrator.execute(EngineExecutionOrchestrator.java:52)
	at org.junit.platform.launcher.core.DefaultLauncher.execute(DefaultLauncher.java:114)
	at org.junit.platform.launcher.core.DefaultLauncher.execute(DefaultLauncher.java:86)
	at org.junit.platform.launcher.core.DefaultLauncherSession$DelegatingLauncher.execute(DefaultLauncherSession.java:86)
	at org.junit.platform.launcher.core.SessionPerRequestLauncher.execute(SessionPerRequestLauncher.java:53)
	at org.apache.maven.surefire.junitplatform.JUnitPlatformProvider.execute(JUnitPlatformProvider.java:188)
	at org.apache.maven.surefire.junitplatform.JUnitPlatformProvider.invokeAllTests(JUnitPlatformProvider.java:154)
	at org.apache.maven.surefire.junitplatform.JUnitPlatformProvider.invoke(JUnitPlatformProvider.java:128)
	at org.apache.maven.surefire.booter.ForkedBooter.runSuitesInProcess(ForkedBooter.java:428)
	at org.apache.maven.surefire.booter.ForkedBooter.execute(ForkedBooter.java:162)
	at org.apache.maven.surefire.booter.ForkedBooter.run(ForkedBooter.java:562)
	at org.apache.maven.surefire.booter.ForkedBooter.main(ForkedBooter.java:548)
Caused by: org.openqa.selenium.NoSuchElementException: no such element: Unable to locate element: {"method":"xpath","selector":"//*[@class = 'v-list-item__title'][2]//div[text() = 'Logout']"}
  (Session info: chrome=101.0.4951.67)
For documentation on this error, please visit: https://selenium.dev/exceptions/#no_such_element
Build info: version: '4.1.2', revision: '9a5a329c5a'
System info: host: 'DESKTOP-A4RBSR0', ip: '192.168.43.80', os.name: 'Windows 10', os.arch: 'amd64', os.version: '10.0', java.version: '15.0.2'
Driver info: org.openqa.selenium.chrome.ChromeDriver
Command: [e522f774ae60bbb59dc5f4ef75b43d68, findElement {using=xpath, value=//*[@class = 'v-list-item__title'][2]//div[text() = 'Logout']}]
Capabilities {acceptInsecureCerts: false, browserName: chrome, browserVersion: 101.0.4951.67, chrome: {chromedriverVersion: 101.0.4951.41 (93c720db8323..., userDataDir: C:\Users\A\AppData\Local\Te...}, goog:chromeOptions: {debuggerAddress: localhost:59944}, javascriptEnabled: true, networkConnectionEnabled: false, pageLoadStrategy: normal, platform: WINDOWS, platformName: WINDOWS, proxy: Proxy(), se:cdp: ws://localhost:59944/devtoo..., se:cdpVersion: 101.0.4951.67, setWindowRect: true, strictFileInteractability: false, timeouts: {implicit: 0, pageLoad: 300000, script: 30000}, unhandledPromptBehavior: dismiss and notify, webauthn:extension:credBlob: true, webauthn:extension:largeBlob: true, webauthn:virtualAuthenticators: true}
Session ID: e522f774ae60bbb59dc5f4ef75b43d68
	at java.base/jdk.internal.reflect.NativeConstructorAccessorImpl.newInstance0(Native Method)
	at java.base/jdk.internal.reflect.NativeConstructorAccessorImpl.newInstance(NativeConstructorAccessorImpl.java:64)
	at java.base/jdk.internal.reflect.DelegatingConstructorAccessorImpl.newInstance(DelegatingConstructorAccessorImpl.java:45)
	at java.base/java.lang.reflect.Constructor.newInstanceWithCaller(Constructor.java:500)
	at java.base/java.lang.reflect.Constructor.newInstance(Constructor.java:481)
	at org.openqa.selenium.remote.codec.w3c.W3CHttpResponseCodec.createException(W3CHttpResponseCodec.java:200)
	at org.openqa.selenium.remote.codec.w3c.W3CHttpResponseCodec.decode(W3CHttpResponseCodec.java:133)
	at org.openqa.selenium.remote.codec.w3c.W3CHttpResponseCodec.decode(W3CHttpResponseCodec.java:53)
	at org.openqa.selenium.remote.HttpCommandExecutor.execute(HttpCommandExecutor.java:184)
	at org.openqa.selenium.remote.service.DriverCommandExecutor.invokeExecute(DriverCommandExecutor.java:167)
	at org.openqa.selenium.remote.service.DriverCommandExecutor.execute(DriverCommandExecutor.java:142)
	at org.openqa.selenium.remote.RemoteWebDriver.execute(RemoteWebDriver.java:558)
	at org.openqa.selenium.remote.ElementLocation$ElementFinder$2.findElement(ElementLocation.java:162)
	at org.openqa.selenium.remote.ElementLocation.findElement(ElementLocation.java:60)
	at org.openqa.selenium.remote.RemoteWebDriver.findElement(RemoteWebDriver.java:382)
	at org.openqa.selenium.remote.RemoteWebDriver.findElement(RemoteWebDriver.java:374)
	at net.thucydides.core.webdriver.WebDriverFacade.findElement(WebDriverFacade.java:224)
	at net.serenitybdd.core.pages.WebElementResolverByLocator.resolveForDriver(WebElementResolverByLocator.java:25)
	at net.serenitybdd.core.pages.WebElementFacadeImpl.getResolvedElement(WebElementFacadeImpl.java:191)
	at net.serenitybdd.core.pages.WebElementFacadeImpl.getElement(WebElementFacadeImpl.java:186)
	at net.serenitybdd.core.pages.WebElementExpectations$3.apply(WebElementExpectations.java:63)
	at net.serenitybdd.core.pages.WebElementExpectations$3.apply(WebElementExpectations.java:55)
	at org.openqa.selenium.support.ui.FluentWait.until(FluentWait.java:208)
	... 81 more
&amp#27;[0m
  &amp#27;[36mThen &amp#27;[0m&amp#27;[36mI go to login page&amp#27;[0m                                      &amp#27;[90m# starter.stepdefinitions.LogoutSteps.iGoToLoginPage()&amp#27;[0m
09:46:45.522 [AsyncHttpClient-1-4] DEBUG org.asynchttpclient.netty.handler.WebSocketHandler - Channel Closed: [id: 0xc7d32e45, L:/127.0.0.1:59953 ! R:localhost/127.0.0.1:59944] with attribute NettyResponseFuture{currentRetry=5,
	isDone=1,
	isCancelled=0,
	asyncHandler=org.asynchttpclient.ws.WebSocketUpgradeHandler@5397c045,
	nettyRequest=org.asynchttpclient.netty.request.NettyRequest@42d3c3ff,
	future=java.util.concurrent.CompletableFuture@705c6b5d[Completed normally],
	uri=ws://localhost:59944/devtools/browser/917e893f-0389-4fd6-91e5-d26bff3e7d18,
	keepAlive=true,
	redirectCount=0,
	timeoutsHolder=null,
	inAuth=0,
	touch=1653014764569}
09:46:45.522 [AsyncHttpClient-1-4] DEBUG org.asynchttpclient.netty.channel.ChannelManager - Closing Channel [id: 0xc7d32e45, L:/127.0.0.1:59953 ! R:localhost/127.0.0.1:59944] 
09:46:45.539 [Driver Command Executor] DEBUG org.asynchttpclient.netty.request.NettyRequestSender - Using pooled Channel '[id: 0xe63401e0, L:/127.0.0.1:59942 - R:localhost/127.0.0.1:50435]' for 'DELETE' to 'http://localhost:50435/session/e522f774ae60bbb59dc5f4ef75b43d68'
09:46:45.539 [Driver Command Executor] DEBUG org.asynchttpclient.netty.request.NettyRequestSender - Using open Channel [id: 0xe63401e0, L:/127.0.0.1:59942 - R:localhost/127.0.0.1:50435] for DELETE '/session/e522f774ae60bbb59dc5f4ef75b43d68'
09:46:46.021 [AsyncHttpClient-1-1] DEBUG org.asynchttpclient.netty.channel.DefaultChannelPool - Entry count for : http://localhost:59944 : 1
09:46:46.130 [AsyncHttpClient-1-3] DEBUG org.asynchttpclient.netty.handler.HttpHandler - Unexpected I/O exception on channel [id: 0xc316193e, L:/127.0.0.1:59951 - R:localhost/127.0.0.1:59944]
java.net.SocketException: Connection reset
	at java.base/sun.nio.ch.SocketChannelImpl.throwConnectionReset(SocketChannelImpl.java:367)
	at java.base/sun.nio.ch.SocketChannelImpl.read(SocketChannelImpl.java:398)
	at io.netty.buffer.PooledByteBuf.setBytes(PooledByteBuf.java:258)
	at io.netty.buffer.AbstractByteBuf.writeBytes(AbstractByteBuf.java:1132)
	at io.netty.channel.socket.nio.NioSocketChannel.doReadBytes(NioSocketChannel.java:350)
	at io.netty.channel.nio.AbstractNioByteChannel$NioByteUnsafe.read(AbstractNioByteChannel.java:151)
	at io.netty.channel.nio.NioEventLoop.processSelectedKey(NioEventLoop.java:722)
	at io.netty.channel.nio.NioEventLoop.processSelectedKeysOptimized(NioEventLoop.java:658)
	at io.netty.channel.nio.NioEventLoop.processSelectedKeys(NioEventLoop.java:584)
	at io.netty.channel.nio.NioEventLoop.run(NioEventLoop.java:496)
	at io.netty.util.concurrent.SingleThreadEventExecutor$4.run(SingleThreadEventExecutor.java:986)
	at io.netty.util.internal.ThreadExecutorMap$2.run(ThreadExecutorMap.java:74)
	at io.netty.util.concurrent.FastThreadLocalRunnable.run(FastThreadLocalRunnable.java:30)
	at java.base/java.lang.Thread.run(Thread.java:832)
09:46:46.130 [AsyncHttpClient-1-3] DEBUG org.asynchttpclient.netty.channel.ChannelManager - Closing Channel [id: 0xc316193e, L:/127.0.0.1:59951 - R:localhost/127.0.0.1:59944] 
09:46:46.130 [AsyncHttpClient-1-3] DEBUG org.asynchttpclient.netty.handler.HttpHandler - Channel Closed: [id: 0xc316193e, L:/127.0.0.1:59951 ! R:localhost/127.0.0.1:59944] with attribute DISCARD
09:46:46.804 [AsyncHttpClient-1-2] DEBUG org.asynchttpclient.netty.handler.HttpHandler - 

Request DefaultFullHttpRequest(decodeResult: success, version: HTTP/1.1, content: EmptyByteBufBE)
DELETE /session/e522f774ae60bbb59dc5f4ef75b43d68 HTTP/1.1
User-Agent: selenium/4.1.2 (java windows)
Content-Type: application/json; charset=utf-8
host: localhost:50435
accept: */*

Response DefaultHttpResponse(decodeResult: success, version: HTTP/1.1)
HTTP/1.1 200 OK
Content-Type: application/json; charset=utf-8
cache-control: no-cache
content-length: 14

09:46:46.804 [AsyncHttpClient-1-2] DEBUG org.asynchttpclient.netty.channel.ChannelManager - Adding key: http://localhost:50435 for channel [id: 0xe63401e0, L:/127.0.0.1:59942 - R:localhost/127.0.0.1:50435]
09:46:47.120 [AsyncHttpClient-1-1] DEBUG org.asynchttpclient.netty.channel.DefaultChannelPool - Entry count for : http://localhost:50435 : 1
09:46:47.120 [AsyncHttpClient-1-1] DEBUG org.asynchttpclient.netty.channel.DefaultChannelPool - Entry count for : http://localhost:59944 : 1
09:46:47.120 [AsyncHttpClient-1-1] DEBUG org.asynchttpclient.netty.channel.DefaultChannelPool - Adding Candidate expired Channel [id: 0xc316193e, L:/127.0.0.1:59951 ! R:localhost/127.0.0.1:59944] isIdleTimeoutExpired=false isRemotelyClosed=true isTtlExpired=false
09:46:47.120 [AsyncHttpClient-1-1] DEBUG org.asynchttpclient.netty.channel.DefaultChannelPool - Closing Idle Channel [id: 0xc316193e, L:/127.0.0.1:59951 ! R:localhost/127.0.0.1:59944]
09:46:47.120 [AsyncHttpClient-1-1] DEBUG org.asynchttpclient.netty.channel.DefaultChannelPool - Closed 1 connections out of 2 in 0 ms
09:46:47.264 [AsyncHttpClient-1-2] DEBUG org.asynchttpclient.netty.handler.HttpHandler - Channel Closed: [id: 0xe63401e0, L:/127.0.0.1:59942 ! R:localhost/127.0.0.1:50435] with attribute DISCARD
09:46:47.790 [main] ERROR  - 
  _____   ___   ___   _____     ___     _     ___   _      ___   ___  
 |_   _| | __| / __| |_   _|   | __|   /_\   |_ _| | |    | __| |   \ 
   | |   | _|  \__ \   | |     | _|   / _ \   | |  | |__  | _|  | |) |
   |_|   |___| |___/   |_|     |_|   /_/ \_\ |___| |____| |___| |___/ 

As a user I have to be able logout
-----------------------------------------------------------------------
09:46:47.790 [main] DEBUG  - RELATED ISSUES: 
09:46:47.806 [main] ERROR  -     Test failed at step: Click logout button
09:46:47.806 [main] ERROR  -     Expected enabled element was not enabledBuild info: version: '4.1.2', revision: '9a5a329c5a'System info: host: 'DESKTOP-A4RBSR0', ip: '192.168.43.80', os.name: 'Windows 10', os.arch: 'amd64', os.version: '10.0', java.version: '15.0.2'Driver info: driver.version: unknown
]]></system-out>
    <system-err><![CDATA[Starting ChromeDriver 101.0.4951.41 (93c720db8323b3ec10d056025ab95c23a31997c9-refs/branch-heads/4951@{#904}) on port 50435
Only local connections are allowed.
Please see https://chromedriver.chromium.org/security-considerations for suggestions on keeping ChromeDriver safe.
ChromeDriver was started successfully.
May 20, 2022 9:46:04 AM org.openqa.selenium.remote.ProtocolHandshake createSession
INFO: Detected dialect: W3C
May 20, 2022 9:46:04 AM org.openqa.selenium.devtools.CdpVersionFinder findNearestMatch
WARNING: Unable to find an exact match for CDP version 101, so returning the closest version found: 97
May 20, 2022 9:46:04 AM org.openqa.selenium.devtools.CdpVersionFinder findNearestMatch
INFO: Found CDP implementation for version 101 of 97
]]></system-err>
  </testcase>
</testsuite>